{
  "stats": {
    "suites": 9,
    "tests": 33,
    "passes": 25,
    "pending": 0,
    "failures": 8,
    "start": "2020-05-29T11:12:16.049Z",
    "end": "2020-05-29T11:14:21.607Z",
    "duration": 125558,
    "testsRegistered": 33,
    "passPercent": 75.75757575757575,
    "pendingPercent": 0,
    "other": 0,
    "hasOther": false,
    "skipped": 0,
    "hasSkipped": false
  },
  "results": [
    {
      "uuid": "0430b3c3-07fd-486e-a222-2c060278da9a",
      "title": "",
      "fullFile": "cypress/integration/runAll.test.js",
      "file": "cypress/integration/runAll.test.js",
      "beforeHooks": [],
      "afterHooks": [],
      "tests": [],
      "suites": [
        {
          "uuid": "4502c4d0-7adc-4f40-9038-505fdcc426ef",
          "title": "Firefox : Task 1 – Cross-Device Elements Test for device: laptop",
          "fullFile": "",
          "file": "",
          "beforeHooks": [],
          "afterHooks": [],
          "tests": [
            {
              "title": "element: searchBar (#DIV__customsear__41) should be.visible for viewport: [1200, 700] ",
              "fullTitle": "Firefox : Task 1 – Cross-Device Elements Test for device: laptop element: searchBar (#DIV__customsear__41) should be.visible for viewport: [1200, 700] ",
              "timedOut": null,
              "duration": 3809,
              "state": "passed",
              "speed": "slow",
              "pass": true,
              "fail": false,
              "pending": false,
              "context": null,
              "code": "cy.visit((0, _config.URLS)(version).homePage);\ncy.viewport(width, height);\ncy.get(meta.selector).should(shouldElementBeShown);",
              "err": {},
              "uuid": "40333ab7-cb5d-41ef-b446-c527beca198e",
              "parentUUID": "4502c4d0-7adc-4f40-9038-505fdcc426ef",
              "isHook": false,
              "skipped": false
            },
            {
              "title": "element: leftSideNav (#ASIDE__collg__67) should be.visible for viewport: [1200, 700] ",
              "fullTitle": "Firefox : Task 1 – Cross-Device Elements Test for device: laptop element: leftSideNav (#ASIDE__collg__67) should be.visible for viewport: [1200, 700] ",
              "timedOut": null,
              "duration": 2000,
              "state": "passed",
              "speed": "slow",
              "pass": true,
              "fail": false,
              "pending": false,
              "context": null,
              "code": "cy.visit((0, _config.URLS)(version).homePage);\ncy.viewport(width, height);\ncy.get(meta.selector).should(shouldElementBeShown);",
              "err": {},
              "uuid": "eaaa03d7-68bc-4205-b2fb-a207a78f26e4",
              "parentUUID": "4502c4d0-7adc-4f40-9038-505fdcc426ef",
              "isHook": false,
              "skipped": false
            },
            {
              "title": "element: mainMenu (#DIV__mainmenu__15) should be.visible for viewport: [1200, 700] ",
              "fullTitle": "Firefox : Task 1 – Cross-Device Elements Test for device: laptop element: mainMenu (#DIV__mainmenu__15) should be.visible for viewport: [1200, 700] ",
              "timedOut": null,
              "duration": 2023,
              "state": "passed",
              "speed": "slow",
              "pass": true,
              "fail": false,
              "pending": false,
              "context": null,
              "code": "cy.visit((0, _config.URLS)(version).homePage);\ncy.viewport(width, height);\ncy.get(meta.selector).should(shouldElementBeShown);",
              "err": {},
              "uuid": "5debb363-667a-4555-a1f0-1ddba6cbac90",
              "parentUUID": "4502c4d0-7adc-4f40-9038-505fdcc426ef",
              "isHook": false,
              "skipped": false
            },
            {
              "title": "element: leadProductImage (#DIV__topbanner__187) should be.visible for viewport: [1200, 700] ",
              "fullTitle": "Firefox : Task 1 – Cross-Device Elements Test for device: laptop element: leadProductImage (#DIV__topbanner__187) should be.visible for viewport: [1200, 700] ",
              "timedOut": null,
              "duration": 7140,
              "state": "failed",
              "speed": null,
              "pass": false,
              "fail": true,
              "pending": false,
              "context": null,
              "code": "cy.visit((0, _config.URLS)(version).homePage);\ncy.viewport(width, height);\ncy.get(meta.selector).should(shouldElementBeShown);",
              "err": {
                "message": "CypressError: Timed out retrying: Expected to find element: '#DIV__topbanner__187', but never found it.",
                "estack": "CypressError: Timed out retrying: Expected to find element: '#DIV__topbanner__187', but never found it.\ncypressErr@https://demo.applitools.com/__cypress/runner/cypress_runner.js:149934:9\nthrowErr@https://demo.applitools.com/__cypress/runner/cypress_runner.js:149867:11\nthrowErrByPath@https://demo.applitools.com/__cypress/runner/cypress_runner.js:149915:11\nretry@https://demo.applitools.com/__cypress/runner/cypress_runner.js:144197:19\nonFailFn@https://demo.applitools.com/__cypress/runner/cypress_runner.js:132448:16\ntryCatcher@https://demo.applitools.com/__cypress/runner/cypress_runner.js:167415:23\n./node_modules/bluebird/js/release/promise.js/</module.exports/Promise.prototype._settlePromiseFromHandler@https://demo.applitools.com/__cypress/runner/cypress_runner.js:165351:31\n./node_modules/bluebird/js/release/promise.js/</module.exports/Promise.prototype._settlePromise@https://demo.applitools.com/__cypress/runner/cypress_runner.js:165408:18\n./node_modules/bluebird/js/release/promise.js/</module.exports/Promise.prototype._settlePromise0@https://demo.applitools.com/__cypress/runner/cypress_runner.js:165453:10\n./node_modules/bluebird/js/release/promise.js/</module.exports/Promise.prototype._settlePromises@https://demo.applitools.com/__cypress/runner/cypress_runner.js:165528:18\n./node_modules/bluebird/js/release/async.js/</Async.prototype._drainQueue@https://demo.applitools.com/__cypress/runner/cypress_runner.js:162140:16\n./node_modules/bluebird/js/release/async.js/</Async.prototype._drainQueues@https://demo.applitools.com/__cypress/runner/cypress_runner.js:162150:10\nAsync/this.drainQueues@https://demo.applitools.com/__cypress/runner/cypress_runner.js:162024:14\n",
                "diff": null
              },
              "uuid": "1a909d8a-1b46-4e80-8b61-adb57d424585",
              "parentUUID": "4502c4d0-7adc-4f40-9038-505fdcc426ef",
              "isHook": false,
              "skipped": false
            },
            {
              "title": "element: basketCount (#STRONG____50) should be.visible for viewport: [1200, 700] ",
              "fullTitle": "Firefox : Task 1 – Cross-Device Elements Test for device: laptop element: basketCount (#STRONG____50) should be.visible for viewport: [1200, 700] ",
              "timedOut": null,
              "duration": 1624,
              "state": "passed",
              "speed": "slow",
              "pass": true,
              "fail": false,
              "pending": false,
              "context": null,
              "code": "cy.visit((0, _config.URLS)(version).homePage);\ncy.viewport(width, height);\ncy.get(meta.selector).should(shouldElementBeShown);",
              "err": {},
              "uuid": "a39069e9-b9a9-4faa-9a57-6e84872d7366",
              "parentUUID": "4502c4d0-7adc-4f40-9038-505fdcc426ef",
              "isHook": false,
              "skipped": false
            }
          ],
          "suites": [],
          "passes": [
            "40333ab7-cb5d-41ef-b446-c527beca198e",
            "eaaa03d7-68bc-4205-b2fb-a207a78f26e4",
            "5debb363-667a-4555-a1f0-1ddba6cbac90",
            "a39069e9-b9a9-4faa-9a57-6e84872d7366"
          ],
          "failures": [
            "1a909d8a-1b46-4e80-8b61-adb57d424585"
          ],
          "pending": [],
          "skipped": [],
          "duration": 16596,
          "root": false,
          "rootEmpty": false,
          "_timeout": 2000
        },
        {
          "uuid": "a8a0c212-f7cf-4e95-aa2d-af60dd442d9d",
          "title": "Firefox : Task 1 – Cross-Device Elements Test for device: tablet",
          "fullFile": "",
          "file": "",
          "beforeHooks": [],
          "afterHooks": [],
          "tests": [
            {
              "title": "element: searchBar (#DIV__customsear__41) should be.visible for viewport: [768, 700] ",
              "fullTitle": "Firefox : Task 1 – Cross-Device Elements Test for device: tablet element: searchBar (#DIV__customsear__41) should be.visible for viewport: [768, 700] ",
              "timedOut": null,
              "duration": 2537,
              "state": "passed",
              "speed": "slow",
              "pass": true,
              "fail": false,
              "pending": false,
              "context": null,
              "code": "cy.visit((0, _config.URLS)(version).homePage);\ncy.viewport(width, height);\ncy.get(meta.selector).should(shouldElementBeShown);",
              "err": {},
              "uuid": "b7aad1f7-e7ec-4a04-bae5-777d76cd2b84",
              "parentUUID": "a8a0c212-f7cf-4e95-aa2d-af60dd442d9d",
              "isHook": false,
              "skipped": false
            },
            {
              "title": "element: leftSideNav (#ASIDE__collg__67) should not.be.visible for viewport: [768, 700] ",
              "fullTitle": "Firefox : Task 1 – Cross-Device Elements Test for device: tablet element: leftSideNav (#ASIDE__collg__67) should not.be.visible for viewport: [768, 700] ",
              "timedOut": null,
              "duration": 1655,
              "state": "passed",
              "speed": "slow",
              "pass": true,
              "fail": false,
              "pending": false,
              "context": null,
              "code": "cy.visit((0, _config.URLS)(version).homePage);\ncy.viewport(width, height);\ncy.get(meta.selector).should(shouldElementBeShown);",
              "err": {},
              "uuid": "8c52ece0-46a4-4e04-97d7-13064c60dbf5",
              "parentUUID": "a8a0c212-f7cf-4e95-aa2d-af60dd442d9d",
              "isHook": false,
              "skipped": false
            },
            {
              "title": "element: mainMenu (#DIV__mainmenu__15) should not.be.visible for viewport: [768, 700] ",
              "fullTitle": "Firefox : Task 1 – Cross-Device Elements Test for device: tablet element: mainMenu (#DIV__mainmenu__15) should not.be.visible for viewport: [768, 700] ",
              "timedOut": null,
              "duration": 1840,
              "state": "passed",
              "speed": "slow",
              "pass": true,
              "fail": false,
              "pending": false,
              "context": null,
              "code": "cy.visit((0, _config.URLS)(version).homePage);\ncy.viewport(width, height);\ncy.get(meta.selector).should(shouldElementBeShown);",
              "err": {},
              "uuid": "213bc480-6df3-490b-b121-2a63eda48e46",
              "parentUUID": "a8a0c212-f7cf-4e95-aa2d-af60dd442d9d",
              "isHook": false,
              "skipped": false
            },
            {
              "title": "element: leadProductImage (#DIV__topbanner__187) should be.visible for viewport: [768, 700] ",
              "fullTitle": "Firefox : Task 1 – Cross-Device Elements Test for device: tablet element: leadProductImage (#DIV__topbanner__187) should be.visible for viewport: [768, 700] ",
              "timedOut": null,
              "duration": 5902,
              "state": "failed",
              "speed": null,
              "pass": false,
              "fail": true,
              "pending": false,
              "context": null,
              "code": "cy.visit((0, _config.URLS)(version).homePage);\ncy.viewport(width, height);\ncy.get(meta.selector).should(shouldElementBeShown);",
              "err": {
                "message": "CypressError: Timed out retrying: Expected to find element: '#DIV__topbanner__187', but never found it.",
                "estack": "CypressError: Timed out retrying: Expected to find element: '#DIV__topbanner__187', but never found it.\ncypressErr@https://demo.applitools.com/__cypress/runner/cypress_runner.js:149934:9\nthrowErr@https://demo.applitools.com/__cypress/runner/cypress_runner.js:149867:11\nthrowErrByPath@https://demo.applitools.com/__cypress/runner/cypress_runner.js:149915:11\nretry@https://demo.applitools.com/__cypress/runner/cypress_runner.js:144197:19\nonFailFn@https://demo.applitools.com/__cypress/runner/cypress_runner.js:132448:16\ntryCatcher@https://demo.applitools.com/__cypress/runner/cypress_runner.js:167415:23\n./node_modules/bluebird/js/release/promise.js/</module.exports/Promise.prototype._settlePromiseFromHandler@https://demo.applitools.com/__cypress/runner/cypress_runner.js:165351:31\n./node_modules/bluebird/js/release/promise.js/</module.exports/Promise.prototype._settlePromise@https://demo.applitools.com/__cypress/runner/cypress_runner.js:165408:18\n./node_modules/bluebird/js/release/promise.js/</module.exports/Promise.prototype._settlePromise0@https://demo.applitools.com/__cypress/runner/cypress_runner.js:165453:10\n./node_modules/bluebird/js/release/promise.js/</module.exports/Promise.prototype._settlePromises@https://demo.applitools.com/__cypress/runner/cypress_runner.js:165528:18\n./node_modules/bluebird/js/release/async.js/</Async.prototype._drainQueue@https://demo.applitools.com/__cypress/runner/cypress_runner.js:162140:16\n./node_modules/bluebird/js/release/async.js/</Async.prototype._drainQueues@https://demo.applitools.com/__cypress/runner/cypress_runner.js:162150:10\nAsync/this.drainQueues@https://demo.applitools.com/__cypress/runner/cypress_runner.js:162024:14\n",
                "diff": null
              },
              "uuid": "cc291017-6809-4411-b6d2-b48466381066",
              "parentUUID": "a8a0c212-f7cf-4e95-aa2d-af60dd442d9d",
              "isHook": false,
              "skipped": false
            },
            {
              "title": "element: basketCount (#STRONG____50) should be.visible for viewport: [768, 700] ",
              "fullTitle": "Firefox : Task 1 – Cross-Device Elements Test for device: tablet element: basketCount (#STRONG____50) should be.visible for viewport: [768, 700] ",
              "timedOut": null,
              "duration": 1563,
              "state": "passed",
              "speed": "slow",
              "pass": true,
              "fail": false,
              "pending": false,
              "context": null,
              "code": "cy.visit((0, _config.URLS)(version).homePage);\ncy.viewport(width, height);\ncy.get(meta.selector).should(shouldElementBeShown);",
              "err": {},
              "uuid": "344a3e02-ea36-4f9c-9fe8-ea7c22399b73",
              "parentUUID": "a8a0c212-f7cf-4e95-aa2d-af60dd442d9d",
              "isHook": false,
              "skipped": false
            }
          ],
          "suites": [],
          "passes": [
            "b7aad1f7-e7ec-4a04-bae5-777d76cd2b84",
            "8c52ece0-46a4-4e04-97d7-13064c60dbf5",
            "213bc480-6df3-490b-b121-2a63eda48e46",
            "344a3e02-ea36-4f9c-9fe8-ea7c22399b73"
          ],
          "failures": [
            "cc291017-6809-4411-b6d2-b48466381066"
          ],
          "pending": [],
          "skipped": [],
          "duration": 13497,
          "root": false,
          "rootEmpty": false,
          "_timeout": 2000
        },
        {
          "uuid": "2daaeb5f-f4c2-41a5-8e20-a2e07c235398",
          "title": "Firefox : Task 1 – Cross-Device Elements Test for device: mobile",
          "fullFile": "",
          "file": "",
          "beforeHooks": [],
          "afterHooks": [],
          "tests": [
            {
              "title": "element: searchBar (#DIV__customsear__41) should not.be.visible for viewport: [500, 700] ",
              "fullTitle": "Firefox : Task 1 – Cross-Device Elements Test for device: mobile element: searchBar (#DIV__customsear__41) should not.be.visible for viewport: [500, 700] ",
              "timedOut": null,
              "duration": 6515,
              "state": "failed",
              "speed": null,
              "pass": false,
              "fail": true,
              "pending": false,
              "context": null,
              "code": "cy.visit((0, _config.URLS)(version).homePage);\ncy.viewport(width, height);\ncy.get(meta.selector).should(shouldElementBeShown);",
              "err": {
                "message": "CypressError: Timed out retrying: expected '<div#DIV__customsear__41.custom-search-input>' not to be 'visible'",
                "estack": "CypressError: Timed out retrying: expected '<div#DIV__customsear__41.custom-search-input>' not to be 'visible'\ncypressErr@https://demo.applitools.com/__cypress/runner/cypress_runner.js:149934:9\nthrowErr@https://demo.applitools.com/__cypress/runner/cypress_runner.js:149867:11\nthrowErrByPath@https://demo.applitools.com/__cypress/runner/cypress_runner.js:149915:11\nretry@https://demo.applitools.com/__cypress/runner/cypress_runner.js:144197:19\nonFailFn@https://demo.applitools.com/__cypress/runner/cypress_runner.js:132448:16\ntryCatcher@https://demo.applitools.com/__cypress/runner/cypress_runner.js:167415:23\n./node_modules/bluebird/js/release/promise.js/</module.exports/Promise.prototype._settlePromiseFromHandler@https://demo.applitools.com/__cypress/runner/cypress_runner.js:165351:31\n./node_modules/bluebird/js/release/promise.js/</module.exports/Promise.prototype._settlePromise@https://demo.applitools.com/__cypress/runner/cypress_runner.js:165408:18\n./node_modules/bluebird/js/release/promise.js/</module.exports/Promise.prototype._settlePromise0@https://demo.applitools.com/__cypress/runner/cypress_runner.js:165453:10\n./node_modules/bluebird/js/release/promise.js/</module.exports/Promise.prototype._settlePromises@https://demo.applitools.com/__cypress/runner/cypress_runner.js:165528:18\n./node_modules/bluebird/js/release/async.js/</Async.prototype._drainQueue@https://demo.applitools.com/__cypress/runner/cypress_runner.js:162140:16\n./node_modules/bluebird/js/release/async.js/</Async.prototype._drainQueues@https://demo.applitools.com/__cypress/runner/cypress_runner.js:162150:10\nAsync/this.drainQueues@https://demo.applitools.com/__cypress/runner/cypress_runner.js:162024:14\n",
                "diff": null
              },
              "uuid": "dd39e76b-c525-4df7-9c45-21d318c19388",
              "parentUUID": "2daaeb5f-f4c2-41a5-8e20-a2e07c235398",
              "isHook": false,
              "skipped": false
            },
            {
              "title": "element: leftSideNav (#ASIDE__collg__67) should not.be.visible for viewport: [500, 700] ",
              "fullTitle": "Firefox : Task 1 – Cross-Device Elements Test for device: mobile element: leftSideNav (#ASIDE__collg__67) should not.be.visible for viewport: [500, 700] ",
              "timedOut": null,
              "duration": 1922,
              "state": "passed",
              "speed": "slow",
              "pass": true,
              "fail": false,
              "pending": false,
              "context": null,
              "code": "cy.visit((0, _config.URLS)(version).homePage);\ncy.viewport(width, height);\ncy.get(meta.selector).should(shouldElementBeShown);",
              "err": {},
              "uuid": "ed1a40fe-cae4-452e-b644-4e46746a17cc",
              "parentUUID": "2daaeb5f-f4c2-41a5-8e20-a2e07c235398",
              "isHook": false,
              "skipped": false
            },
            {
              "title": "element: mainMenu (#DIV__mainmenu__15) should not.be.visible for viewport: [500, 700] ",
              "fullTitle": "Firefox : Task 1 – Cross-Device Elements Test for device: mobile element: mainMenu (#DIV__mainmenu__15) should not.be.visible for viewport: [500, 700] ",
              "timedOut": null,
              "duration": 2716,
              "state": "passed",
              "speed": "slow",
              "pass": true,
              "fail": false,
              "pending": false,
              "context": null,
              "code": "cy.visit((0, _config.URLS)(version).homePage);\ncy.viewport(width, height);\ncy.get(meta.selector).should(shouldElementBeShown);",
              "err": {},
              "uuid": "adb90ba4-9f9c-424c-926d-5836b7cb83a7",
              "parentUUID": "2daaeb5f-f4c2-41a5-8e20-a2e07c235398",
              "isHook": false,
              "skipped": false
            },
            {
              "title": "element: leadProductImage (#DIV__topbanner__187) should be.visible for viewport: [500, 700] ",
              "fullTitle": "Firefox : Task 1 – Cross-Device Elements Test for device: mobile element: leadProductImage (#DIV__topbanner__187) should be.visible for viewport: [500, 700] ",
              "timedOut": null,
              "duration": 6297,
              "state": "failed",
              "speed": null,
              "pass": false,
              "fail": true,
              "pending": false,
              "context": null,
              "code": "cy.visit((0, _config.URLS)(version).homePage);\ncy.viewport(width, height);\ncy.get(meta.selector).should(shouldElementBeShown);",
              "err": {
                "message": "CypressError: Timed out retrying: Expected to find element: '#DIV__topbanner__187', but never found it.",
                "estack": "CypressError: Timed out retrying: Expected to find element: '#DIV__topbanner__187', but never found it.\ncypressErr@https://demo.applitools.com/__cypress/runner/cypress_runner.js:149934:9\nthrowErr@https://demo.applitools.com/__cypress/runner/cypress_runner.js:149867:11\nthrowErrByPath@https://demo.applitools.com/__cypress/runner/cypress_runner.js:149915:11\nretry@https://demo.applitools.com/__cypress/runner/cypress_runner.js:144197:19\nonFailFn@https://demo.applitools.com/__cypress/runner/cypress_runner.js:132448:16\ntryCatcher@https://demo.applitools.com/__cypress/runner/cypress_runner.js:167415:23\n./node_modules/bluebird/js/release/promise.js/</module.exports/Promise.prototype._settlePromiseFromHandler@https://demo.applitools.com/__cypress/runner/cypress_runner.js:165351:31\n./node_modules/bluebird/js/release/promise.js/</module.exports/Promise.prototype._settlePromise@https://demo.applitools.com/__cypress/runner/cypress_runner.js:165408:18\n./node_modules/bluebird/js/release/promise.js/</module.exports/Promise.prototype._settlePromise0@https://demo.applitools.com/__cypress/runner/cypress_runner.js:165453:10\n./node_modules/bluebird/js/release/promise.js/</module.exports/Promise.prototype._settlePromises@https://demo.applitools.com/__cypress/runner/cypress_runner.js:165528:18\n./node_modules/bluebird/js/release/async.js/</Async.prototype._drainQueue@https://demo.applitools.com/__cypress/runner/cypress_runner.js:162140:16\n./node_modules/bluebird/js/release/async.js/</Async.prototype._drainQueues@https://demo.applitools.com/__cypress/runner/cypress_runner.js:162150:10\nAsync/this.drainQueues@https://demo.applitools.com/__cypress/runner/cypress_runner.js:162024:14\n",
                "diff": null
              },
              "uuid": "c33dd31e-d7ec-4c33-a19d-a0519b55bf00",
              "parentUUID": "2daaeb5f-f4c2-41a5-8e20-a2e07c235398",
              "isHook": false,
              "skipped": false
            },
            {
              "title": "element: basketCount (#STRONG____50) should not.be.visible for viewport: [500, 700] ",
              "fullTitle": "Firefox : Task 1 – Cross-Device Elements Test for device: mobile element: basketCount (#STRONG____50) should not.be.visible for viewport: [500, 700] ",
              "timedOut": null,
              "duration": 6204,
              "state": "failed",
              "speed": null,
              "pass": false,
              "fail": true,
              "pending": false,
              "context": null,
              "code": "cy.visit((0, _config.URLS)(version).homePage);\ncy.viewport(width, height);\ncy.get(meta.selector).should(shouldElementBeShown);",
              "err": {
                "message": "CypressError: Timed out retrying: expected '<strong#STRONG____50>' not to be 'visible'",
                "estack": "CypressError: Timed out retrying: expected '<strong#STRONG____50>' not to be 'visible'\ncypressErr@https://demo.applitools.com/__cypress/runner/cypress_runner.js:149934:9\nthrowErr@https://demo.applitools.com/__cypress/runner/cypress_runner.js:149867:11\nthrowErrByPath@https://demo.applitools.com/__cypress/runner/cypress_runner.js:149915:11\nretry@https://demo.applitools.com/__cypress/runner/cypress_runner.js:144197:19\nonFailFn@https://demo.applitools.com/__cypress/runner/cypress_runner.js:132448:16\ntryCatcher@https://demo.applitools.com/__cypress/runner/cypress_runner.js:167415:23\n./node_modules/bluebird/js/release/promise.js/</module.exports/Promise.prototype._settlePromiseFromHandler@https://demo.applitools.com/__cypress/runner/cypress_runner.js:165351:31\n./node_modules/bluebird/js/release/promise.js/</module.exports/Promise.prototype._settlePromise@https://demo.applitools.com/__cypress/runner/cypress_runner.js:165408:18\n./node_modules/bluebird/js/release/promise.js/</module.exports/Promise.prototype._settlePromise0@https://demo.applitools.com/__cypress/runner/cypress_runner.js:165453:10\n./node_modules/bluebird/js/release/promise.js/</module.exports/Promise.prototype._settlePromises@https://demo.applitools.com/__cypress/runner/cypress_runner.js:165528:18\n./node_modules/bluebird/js/release/async.js/</Async.prototype._drainQueue@https://demo.applitools.com/__cypress/runner/cypress_runner.js:162140:16\n./node_modules/bluebird/js/release/async.js/</Async.prototype._drainQueues@https://demo.applitools.com/__cypress/runner/cypress_runner.js:162150:10\nAsync/this.drainQueues@https://demo.applitools.com/__cypress/runner/cypress_runner.js:162024:14\n",
                "diff": null
              },
              "uuid": "412d5e2d-8a0f-4e9f-aa6f-50352f1a6f59",
              "parentUUID": "2daaeb5f-f4c2-41a5-8e20-a2e07c235398",
              "isHook": false,
              "skipped": false
            }
          ],
          "suites": [],
          "passes": [
            "ed1a40fe-cae4-452e-b644-4e46746a17cc",
            "adb90ba4-9f9c-424c-926d-5836b7cb83a7"
          ],
          "failures": [
            "dd39e76b-c525-4df7-9c45-21d318c19388",
            "c33dd31e-d7ec-4c33-a19d-a0519b55bf00",
            "412d5e2d-8a0f-4e9f-aa6f-50352f1a6f59"
          ],
          "pending": [],
          "skipped": [],
          "duration": 23654,
          "root": false,
          "rootEmpty": false,
          "_timeout": 2000
        },
        {
          "uuid": "321d2bb0-3ba0-4e6e-aae1-42ce0e065b70",
          "title": "Firefox : Task 2 – Shopping Experience Test for laptop",
          "fullFile": "",
          "file": "",
          "beforeHooks": [],
          "afterHooks": [],
          "tests": [
            {
              "title": "should filter by black and display two results for viewport: [1200, 700] ",
              "fullTitle": "Firefox : Task 2 – Shopping Experience Test for laptop should filter by black and display two results for viewport: [1200, 700] ",
              "timedOut": null,
              "duration": 7137,
              "state": "failed",
              "speed": null,
              "pass": false,
              "fail": true,
              "pending": false,
              "context": null,
              "code": "cy.visit((0, _config.URLS)(version).homePage);\ncy.viewport(width, height);\ncy.get(gridItemSelector).should('have.length', 9);\nfilter[device]();\ncy.get(gridItemSelector).should('have.length', 2);",
              "err": {
                "message": "CypressError: Timed out retrying: Too many elements found. Found '3', expected '2'.",
                "estack": "CypressError: Timed out retrying: Too many elements found. Found '3', expected '2'.\ncypressErr@https://demo.applitools.com/__cypress/runner/cypress_runner.js:149934:9\nthrowErr@https://demo.applitools.com/__cypress/runner/cypress_runner.js:149867:11\nthrowErrByPath@https://demo.applitools.com/__cypress/runner/cypress_runner.js:149915:11\nretry@https://demo.applitools.com/__cypress/runner/cypress_runner.js:144197:19\nonFailFn@https://demo.applitools.com/__cypress/runner/cypress_runner.js:132448:16\ntryCatcher@https://demo.applitools.com/__cypress/runner/cypress_runner.js:167415:23\n./node_modules/bluebird/js/release/promise.js/</module.exports/Promise.prototype._settlePromiseFromHandler@https://demo.applitools.com/__cypress/runner/cypress_runner.js:165351:31\n./node_modules/bluebird/js/release/promise.js/</module.exports/Promise.prototype._settlePromise@https://demo.applitools.com/__cypress/runner/cypress_runner.js:165408:18\n./node_modules/bluebird/js/release/promise.js/</module.exports/Promise.prototype._settlePromise0@https://demo.applitools.com/__cypress/runner/cypress_runner.js:165453:10\n./node_modules/bluebird/js/release/promise.js/</module.exports/Promise.prototype._settlePromises@https://demo.applitools.com/__cypress/runner/cypress_runner.js:165528:18\n./node_modules/bluebird/js/release/async.js/</Async.prototype._drainQueue@https://demo.applitools.com/__cypress/runner/cypress_runner.js:162140:16\n./node_modules/bluebird/js/release/async.js/</Async.prototype._drainQueues@https://demo.applitools.com/__cypress/runner/cypress_runner.js:162150:10\nAsync/this.drainQueues@https://demo.applitools.com/__cypress/runner/cypress_runner.js:162024:14\n",
                "diff": null
              },
              "uuid": "9761e869-264d-403b-90f6-4dc35a9deaf1",
              "parentUUID": "321d2bb0-3ba0-4e6e-aae1-42ce0e065b70",
              "isHook": false,
              "skipped": false
            }
          ],
          "suites": [],
          "passes": [],
          "failures": [
            "9761e869-264d-403b-90f6-4dc35a9deaf1"
          ],
          "pending": [],
          "skipped": [],
          "duration": 7137,
          "root": false,
          "rootEmpty": false,
          "_timeout": 2000
        },
        {
          "uuid": "c9c5d1f1-864a-40d0-a3ad-6fbc6b9f2868",
          "title": "Firefox : Task 2 – Shopping Experience Test for tablet",
          "fullFile": "",
          "file": "",
          "beforeHooks": [],
          "afterHooks": [],
          "tests": [
            {
              "title": "should filter by black and display two results for viewport: [768, 700] ",
              "fullTitle": "Firefox : Task 2 – Shopping Experience Test for tablet should filter by black and display two results for viewport: [768, 700] ",
              "timedOut": null,
              "duration": 5833,
              "state": "failed",
              "speed": null,
              "pass": false,
              "fail": true,
              "pending": false,
              "context": null,
              "code": "cy.visit((0, _config.URLS)(version).homePage);\ncy.viewport(width, height);\ncy.get(gridItemSelector).should('have.length', 9);\nfilter[device]();\ncy.get(gridItemSelector).should('have.length', 2);",
              "err": {
                "message": "CypressError: Timed out retrying: Expected to find element: '#A__openfilter__206', but never found it.",
                "estack": "CypressError: Timed out retrying: Expected to find element: '#A__openfilter__206', but never found it.\ncypressErr@https://demo.applitools.com/__cypress/runner/cypress_runner.js:149934:9\nthrowErr@https://demo.applitools.com/__cypress/runner/cypress_runner.js:149867:11\nthrowErrByPath@https://demo.applitools.com/__cypress/runner/cypress_runner.js:149915:11\nretry@https://demo.applitools.com/__cypress/runner/cypress_runner.js:144197:19\nonFailFn@https://demo.applitools.com/__cypress/runner/cypress_runner.js:132448:16\ntryCatcher@https://demo.applitools.com/__cypress/runner/cypress_runner.js:167415:23\n./node_modules/bluebird/js/release/promise.js/</module.exports/Promise.prototype._settlePromiseFromHandler@https://demo.applitools.com/__cypress/runner/cypress_runner.js:165351:31\n./node_modules/bluebird/js/release/promise.js/</module.exports/Promise.prototype._settlePromise@https://demo.applitools.com/__cypress/runner/cypress_runner.js:165408:18\n./node_modules/bluebird/js/release/promise.js/</module.exports/Promise.prototype._settlePromise0@https://demo.applitools.com/__cypress/runner/cypress_runner.js:165453:10\n./node_modules/bluebird/js/release/promise.js/</module.exports/Promise.prototype._settlePromises@https://demo.applitools.com/__cypress/runner/cypress_runner.js:165528:18\n./node_modules/bluebird/js/release/async.js/</Async.prototype._drainQueue@https://demo.applitools.com/__cypress/runner/cypress_runner.js:162140:16\n./node_modules/bluebird/js/release/async.js/</Async.prototype._drainQueues@https://demo.applitools.com/__cypress/runner/cypress_runner.js:162150:10\nAsync/this.drainQueues@https://demo.applitools.com/__cypress/runner/cypress_runner.js:162024:14\n",
                "diff": null
              },
              "uuid": "a5dd139a-36c3-4eba-90eb-e410dad7f330",
              "parentUUID": "c9c5d1f1-864a-40d0-a3ad-6fbc6b9f2868",
              "isHook": false,
              "skipped": false
            }
          ],
          "suites": [],
          "passes": [],
          "failures": [
            "a5dd139a-36c3-4eba-90eb-e410dad7f330"
          ],
          "pending": [],
          "skipped": [],
          "duration": 5833,
          "root": false,
          "rootEmpty": false,
          "_timeout": 2000
        },
        {
          "uuid": "aa281d3b-df6c-43a6-9146-74d103845b6b",
          "title": "Firefox : Task 2 – Shopping Experience Test for mobile",
          "fullFile": "",
          "file": "",
          "beforeHooks": [],
          "afterHooks": [],
          "tests": [
            {
              "title": "should filter by black and display two results for viewport: [500, 700] ",
              "fullTitle": "Firefox : Task 2 – Shopping Experience Test for mobile should filter by black and display two results for viewport: [500, 700] ",
              "timedOut": null,
              "duration": 6651,
              "state": "failed",
              "speed": null,
              "pass": false,
              "fail": true,
              "pending": false,
              "context": null,
              "code": "cy.visit((0, _config.URLS)(version).homePage);\ncy.viewport(width, height);\ncy.get(gridItemSelector).should('have.length', 9);\nfilter[device]();\ncy.get(gridItemSelector).should('have.length', 2);",
              "err": {
                "message": "CypressError: Timed out retrying: Expected to find element: '#A__openfilter__206', but never found it.",
                "estack": "CypressError: Timed out retrying: Expected to find element: '#A__openfilter__206', but never found it.\ncypressErr@https://demo.applitools.com/__cypress/runner/cypress_runner.js:149934:9\nthrowErr@https://demo.applitools.com/__cypress/runner/cypress_runner.js:149867:11\nthrowErrByPath@https://demo.applitools.com/__cypress/runner/cypress_runner.js:149915:11\nretry@https://demo.applitools.com/__cypress/runner/cypress_runner.js:144197:19\nonFailFn@https://demo.applitools.com/__cypress/runner/cypress_runner.js:132448:16\ntryCatcher@https://demo.applitools.com/__cypress/runner/cypress_runner.js:167415:23\n./node_modules/bluebird/js/release/promise.js/</module.exports/Promise.prototype._settlePromiseFromHandler@https://demo.applitools.com/__cypress/runner/cypress_runner.js:165351:31\n./node_modules/bluebird/js/release/promise.js/</module.exports/Promise.prototype._settlePromise@https://demo.applitools.com/__cypress/runner/cypress_runner.js:165408:18\n./node_modules/bluebird/js/release/promise.js/</module.exports/Promise.prototype._settlePromise0@https://demo.applitools.com/__cypress/runner/cypress_runner.js:165453:10\n./node_modules/bluebird/js/release/promise.js/</module.exports/Promise.prototype._settlePromises@https://demo.applitools.com/__cypress/runner/cypress_runner.js:165528:18\n./node_modules/bluebird/js/release/async.js/</Async.prototype._drainQueue@https://demo.applitools.com/__cypress/runner/cypress_runner.js:162140:16\n./node_modules/bluebird/js/release/async.js/</Async.prototype._drainQueues@https://demo.applitools.com/__cypress/runner/cypress_runner.js:162150:10\nAsync/this.drainQueues@https://demo.applitools.com/__cypress/runner/cypress_runner.js:162024:14\n",
                "diff": null
              },
              "uuid": "998fa2c4-e856-4dd3-bc7c-0bbe13ac4ba2",
              "parentUUID": "aa281d3b-df6c-43a6-9146-74d103845b6b",
              "isHook": false,
              "skipped": false
            }
          ],
          "suites": [],
          "passes": [],
          "failures": [
            "998fa2c4-e856-4dd3-bc7c-0bbe13ac4ba2"
          ],
          "pending": [],
          "skipped": [],
          "duration": 6651,
          "root": false,
          "rootEmpty": false,
          "_timeout": 2000
        },
        {
          "uuid": "fec561ef-5745-4fb7-a2cb-abb50b9c621c",
          "title": "Firefox : Task 3 –  Product Details Responsive Test for laptop",
          "fullFile": "",
          "file": "",
          "beforeHooks": [],
          "afterHooks": [],
          "tests": [
            {
              "title": "element: mainImage (#shoe_img) should be.visible for viewport: [1200, 700] ",
              "fullTitle": "Firefox : Task 3 –  Product Details Responsive Test for laptop element: mainImage (#shoe_img) should be.visible for viewport: [1200, 700] ",
              "timedOut": null,
              "duration": 2932,
              "state": "passed",
              "speed": "slow",
              "pass": true,
              "fail": false,
              "pending": false,
              "context": null,
              "code": "cy.visit(\"\".concat((0, _config.URLS)(version).productListing, \"?id=1\"));\ncy.viewport(width, height);\ncy.get(meta.selector).should(shouldElementBeShown);",
              "err": {},
              "uuid": "f888a331-a767-4a14-abb9-44ea3f74a68f",
              "parentUUID": "fec561ef-5745-4fb7-a2cb-abb50b9c621c",
              "isHook": false,
              "skipped": false
            },
            {
              "title": "element: rating (#SPAN__rating__76) should be.visible for viewport: [1200, 700] ",
              "fullTitle": "Firefox : Task 3 –  Product Details Responsive Test for laptop element: rating (#SPAN__rating__76) should be.visible for viewport: [1200, 700] ",
              "timedOut": null,
              "duration": 4118,
              "state": "passed",
              "speed": "slow",
              "pass": true,
              "fail": false,
              "pending": false,
              "context": null,
              "code": "cy.visit(\"\".concat((0, _config.URLS)(version).productListing, \"?id=1\"));\ncy.viewport(width, height);\ncy.get(meta.selector).should(shouldElementBeShown);",
              "err": {},
              "uuid": "5519b26d-ba97-4843-9fc3-17936ef1aa7d",
              "parentUUID": "fec561ef-5745-4fb7-a2cb-abb50b9c621c",
              "isHook": false,
              "skipped": false
            },
            {
              "title": "element: description (#P____83) should be.visible for viewport: [1200, 700] ",
              "fullTitle": "Firefox : Task 3 –  Product Details Responsive Test for laptop element: description (#P____83) should be.visible for viewport: [1200, 700] ",
              "timedOut": null,
              "duration": 2458,
              "state": "passed",
              "speed": "slow",
              "pass": true,
              "fail": false,
              "pending": false,
              "context": null,
              "code": "cy.visit(\"\".concat((0, _config.URLS)(version).productListing, \"?id=1\"));\ncy.viewport(width, height);\ncy.get(meta.selector).should(shouldElementBeShown);",
              "err": {},
              "uuid": "f758da2e-0b9b-452f-a338-b9bd979df1de",
              "parentUUID": "fec561ef-5745-4fb7-a2cb-abb50b9c621c",
              "isHook": false,
              "skipped": false
            },
            {
              "title": "element: addToCart (#DIV__btnaddtoca__113) should be.visible for viewport: [1200, 700] ",
              "fullTitle": "Firefox : Task 3 –  Product Details Responsive Test for laptop element: addToCart (#DIV__btnaddtoca__113) should be.visible for viewport: [1200, 700] ",
              "timedOut": null,
              "duration": 2864,
              "state": "passed",
              "speed": "slow",
              "pass": true,
              "fail": false,
              "pending": false,
              "context": null,
              "code": "cy.visit(\"\".concat((0, _config.URLS)(version).productListing, \"?id=1\"));\ncy.viewport(width, height);\ncy.get(meta.selector).should(shouldElementBeShown);",
              "err": {},
              "uuid": "bfb6777c-7646-4520-be43-6230e281ab0e",
              "parentUUID": "fec561ef-5745-4fb7-a2cb-abb50b9c621c",
              "isHook": false,
              "skipped": false
            },
            {
              "title": "element: price (#DIV__pricemain__108) should be.visible for viewport: [1200, 700] ",
              "fullTitle": "Firefox : Task 3 –  Product Details Responsive Test for laptop element: price (#DIV__pricemain__108) should be.visible for viewport: [1200, 700] ",
              "timedOut": null,
              "duration": 2907,
              "state": "passed",
              "speed": "slow",
              "pass": true,
              "fail": false,
              "pending": false,
              "context": null,
              "code": "cy.visit(\"\".concat((0, _config.URLS)(version).productListing, \"?id=1\"));\ncy.viewport(width, height);\ncy.get(meta.selector).should(shouldElementBeShown);",
              "err": {},
              "uuid": "069428a4-cab7-4a71-9980-f94c6b4333c0",
              "parentUUID": "fec561ef-5745-4fb7-a2cb-abb50b9c621c",
              "isHook": false,
              "skipped": false
            }
          ],
          "suites": [],
          "passes": [
            "f888a331-a767-4a14-abb9-44ea3f74a68f",
            "5519b26d-ba97-4843-9fc3-17936ef1aa7d",
            "f758da2e-0b9b-452f-a338-b9bd979df1de",
            "bfb6777c-7646-4520-be43-6230e281ab0e",
            "069428a4-cab7-4a71-9980-f94c6b4333c0"
          ],
          "failures": [],
          "pending": [],
          "skipped": [],
          "duration": 15279,
          "root": false,
          "rootEmpty": false,
          "_timeout": 2000
        },
        {
          "uuid": "2a853597-1170-44ad-b184-cc8428e494ae",
          "title": "Firefox : Task 3 –  Product Details Responsive Test for tablet",
          "fullFile": "",
          "file": "",
          "beforeHooks": [],
          "afterHooks": [],
          "tests": [
            {
              "title": "element: mainImage (#shoe_img) should be.visible for viewport: [768, 700] ",
              "fullTitle": "Firefox : Task 3 –  Product Details Responsive Test for tablet element: mainImage (#shoe_img) should be.visible for viewport: [768, 700] ",
              "timedOut": null,
              "duration": 2630,
              "state": "passed",
              "speed": "slow",
              "pass": true,
              "fail": false,
              "pending": false,
              "context": null,
              "code": "cy.visit(\"\".concat((0, _config.URLS)(version).productListing, \"?id=1\"));\ncy.viewport(width, height);\ncy.get(meta.selector).should(shouldElementBeShown);",
              "err": {},
              "uuid": "0464a7b4-0295-419b-8141-d470d5a614c2",
              "parentUUID": "2a853597-1170-44ad-b184-cc8428e494ae",
              "isHook": false,
              "skipped": false
            },
            {
              "title": "element: rating (#SPAN__rating__76) should be.visible for viewport: [768, 700] ",
              "fullTitle": "Firefox : Task 3 –  Product Details Responsive Test for tablet element: rating (#SPAN__rating__76) should be.visible for viewport: [768, 700] ",
              "timedOut": null,
              "duration": 3775,
              "state": "passed",
              "speed": "slow",
              "pass": true,
              "fail": false,
              "pending": false,
              "context": null,
              "code": "cy.visit(\"\".concat((0, _config.URLS)(version).productListing, \"?id=1\"));\ncy.viewport(width, height);\ncy.get(meta.selector).should(shouldElementBeShown);",
              "err": {},
              "uuid": "65f0dce1-e1fc-485d-8e6a-cbf7e57eb812",
              "parentUUID": "2a853597-1170-44ad-b184-cc8428e494ae",
              "isHook": false,
              "skipped": false
            },
            {
              "title": "element: description (#P____83) should be.visible for viewport: [768, 700] ",
              "fullTitle": "Firefox : Task 3 –  Product Details Responsive Test for tablet element: description (#P____83) should be.visible for viewport: [768, 700] ",
              "timedOut": null,
              "duration": 2619,
              "state": "passed",
              "speed": "slow",
              "pass": true,
              "fail": false,
              "pending": false,
              "context": null,
              "code": "cy.visit(\"\".concat((0, _config.URLS)(version).productListing, \"?id=1\"));\ncy.viewport(width, height);\ncy.get(meta.selector).should(shouldElementBeShown);",
              "err": {},
              "uuid": "16a11c88-7d7b-49fb-a2ee-9f1ced6eec7f",
              "parentUUID": "2a853597-1170-44ad-b184-cc8428e494ae",
              "isHook": false,
              "skipped": false
            },
            {
              "title": "element: addToCart (#DIV__btnaddtoca__113) should be.visible for viewport: [768, 700] ",
              "fullTitle": "Firefox : Task 3 –  Product Details Responsive Test for tablet element: addToCart (#DIV__btnaddtoca__113) should be.visible for viewport: [768, 700] ",
              "timedOut": null,
              "duration": 2352,
              "state": "passed",
              "speed": "slow",
              "pass": true,
              "fail": false,
              "pending": false,
              "context": null,
              "code": "cy.visit(\"\".concat((0, _config.URLS)(version).productListing, \"?id=1\"));\ncy.viewport(width, height);\ncy.get(meta.selector).should(shouldElementBeShown);",
              "err": {},
              "uuid": "dc61510b-719d-44f8-8300-37b4f6740d3f",
              "parentUUID": "2a853597-1170-44ad-b184-cc8428e494ae",
              "isHook": false,
              "skipped": false
            },
            {
              "title": "element: price (#DIV__pricemain__108) should be.visible for viewport: [768, 700] ",
              "fullTitle": "Firefox : Task 3 –  Product Details Responsive Test for tablet element: price (#DIV__pricemain__108) should be.visible for viewport: [768, 700] ",
              "timedOut": null,
              "duration": 2948,
              "state": "passed",
              "speed": "slow",
              "pass": true,
              "fail": false,
              "pending": false,
              "context": null,
              "code": "cy.visit(\"\".concat((0, _config.URLS)(version).productListing, \"?id=1\"));\ncy.viewport(width, height);\ncy.get(meta.selector).should(shouldElementBeShown);",
              "err": {},
              "uuid": "23c76af7-aa03-4c6e-8da7-c4018eeb0bd1",
              "parentUUID": "2a853597-1170-44ad-b184-cc8428e494ae",
              "isHook": false,
              "skipped": false
            }
          ],
          "suites": [],
          "passes": [
            "0464a7b4-0295-419b-8141-d470d5a614c2",
            "65f0dce1-e1fc-485d-8e6a-cbf7e57eb812",
            "16a11c88-7d7b-49fb-a2ee-9f1ced6eec7f",
            "dc61510b-719d-44f8-8300-37b4f6740d3f",
            "23c76af7-aa03-4c6e-8da7-c4018eeb0bd1"
          ],
          "failures": [],
          "pending": [],
          "skipped": [],
          "duration": 14324,
          "root": false,
          "rootEmpty": false,
          "_timeout": 2000
        },
        {
          "uuid": "95590cb6-e1ec-4ad5-8a43-9a1a88979d79",
          "title": "Firefox : Task 3 –  Product Details Responsive Test for mobile",
          "fullFile": "",
          "file": "",
          "beforeHooks": [],
          "afterHooks": [],
          "tests": [
            {
              "title": "element: mainImage (#shoe_img) should be.visible for viewport: [500, 700] ",
              "fullTitle": "Firefox : Task 3 –  Product Details Responsive Test for mobile element: mainImage (#shoe_img) should be.visible for viewport: [500, 700] ",
              "timedOut": null,
              "duration": 2189,
              "state": "passed",
              "speed": "slow",
              "pass": true,
              "fail": false,
              "pending": false,
              "context": null,
              "code": "cy.visit(\"\".concat((0, _config.URLS)(version).productListing, \"?id=1\"));\ncy.viewport(width, height);\ncy.get(meta.selector).should(shouldElementBeShown);",
              "err": {},
              "uuid": "901d3ba7-5b9d-437c-b9a3-20e99e24f58c",
              "parentUUID": "95590cb6-e1ec-4ad5-8a43-9a1a88979d79",
              "isHook": false,
              "skipped": false
            },
            {
              "title": "element: rating (#SPAN__rating__76) should be.visible for viewport: [500, 700] ",
              "fullTitle": "Firefox : Task 3 –  Product Details Responsive Test for mobile element: rating (#SPAN__rating__76) should be.visible for viewport: [500, 700] ",
              "timedOut": null,
              "duration": 2145,
              "state": "passed",
              "speed": "slow",
              "pass": true,
              "fail": false,
              "pending": false,
              "context": null,
              "code": "cy.visit(\"\".concat((0, _config.URLS)(version).productListing, \"?id=1\"));\ncy.viewport(width, height);\ncy.get(meta.selector).should(shouldElementBeShown);",
              "err": {},
              "uuid": "7fe408fe-b0e2-47f8-b238-8dce420a8baf",
              "parentUUID": "95590cb6-e1ec-4ad5-8a43-9a1a88979d79",
              "isHook": false,
              "skipped": false
            },
            {
              "title": "element: description (#P____83) should be.visible for viewport: [500, 700] ",
              "fullTitle": "Firefox : Task 3 –  Product Details Responsive Test for mobile element: description (#P____83) should be.visible for viewport: [500, 700] ",
              "timedOut": null,
              "duration": 2201,
              "state": "passed",
              "speed": "slow",
              "pass": true,
              "fail": false,
              "pending": false,
              "context": null,
              "code": "cy.visit(\"\".concat((0, _config.URLS)(version).productListing, \"?id=1\"));\ncy.viewport(width, height);\ncy.get(meta.selector).should(shouldElementBeShown);",
              "err": {},
              "uuid": "339db9c4-d54d-4f21-9c20-a754f854ccf9",
              "parentUUID": "95590cb6-e1ec-4ad5-8a43-9a1a88979d79",
              "isHook": false,
              "skipped": false
            },
            {
              "title": "element: addToCart (#DIV__btnaddtoca__113) should be.visible for viewport: [500, 700] ",
              "fullTitle": "Firefox : Task 3 –  Product Details Responsive Test for mobile element: addToCart (#DIV__btnaddtoca__113) should be.visible for viewport: [500, 700] ",
              "timedOut": null,
              "duration": 1861,
              "state": "passed",
              "speed": "slow",
              "pass": true,
              "fail": false,
              "pending": false,
              "context": null,
              "code": "cy.visit(\"\".concat((0, _config.URLS)(version).productListing, \"?id=1\"));\ncy.viewport(width, height);\ncy.get(meta.selector).should(shouldElementBeShown);",
              "err": {},
              "uuid": "63411c42-a1f6-4893-83a9-1ab35a3489e8",
              "parentUUID": "95590cb6-e1ec-4ad5-8a43-9a1a88979d79",
              "isHook": false,
              "skipped": false
            },
            {
              "title": "element: price (#DIV__pricemain__108) should be.visible for viewport: [500, 700] ",
              "fullTitle": "Firefox : Task 3 –  Product Details Responsive Test for mobile element: price (#DIV__pricemain__108) should be.visible for viewport: [500, 700] ",
              "timedOut": null,
              "duration": 2175,
              "state": "passed",
              "speed": "slow",
              "pass": true,
              "fail": false,
              "pending": false,
              "context": null,
              "code": "cy.visit(\"\".concat((0, _config.URLS)(version).productListing, \"?id=1\"));\ncy.viewport(width, height);\ncy.get(meta.selector).should(shouldElementBeShown);",
              "err": {},
              "uuid": "0afbbad9-2878-45e0-b7ff-854dbfadc014",
              "parentUUID": "95590cb6-e1ec-4ad5-8a43-9a1a88979d79",
              "isHook": false,
              "skipped": false
            }
          ],
          "suites": [],
          "passes": [
            "901d3ba7-5b9d-437c-b9a3-20e99e24f58c",
            "7fe408fe-b0e2-47f8-b238-8dce420a8baf",
            "339db9c4-d54d-4f21-9c20-a754f854ccf9",
            "63411c42-a1f6-4893-83a9-1ab35a3489e8",
            "0afbbad9-2878-45e0-b7ff-854dbfadc014"
          ],
          "failures": [],
          "pending": [],
          "skipped": [],
          "duration": 10571,
          "root": false,
          "rootEmpty": false,
          "_timeout": 2000
        }
      ],
      "passes": [],
      "failures": [],
      "pending": [],
      "skipped": [],
      "duration": 0,
      "root": true,
      "rootEmpty": true,
      "_timeout": 2000
    }
  ],
  "meta": {
    "mocha": {
      "version": "7.1.2"
    },
    "mochawesome": {
      "options": {
        "quiet": false,
        "reportFilename": "mochawesome",
        "saveHtml": false,
        "saveJson": true,
        "consoleReporter": "spec",
        "useInlineDiffs": false,
        "code": true
      },
      "version": "6.1.1"
    },
    "marge": {
      "options": {
        "overwrite": false,
        "html": false,
        "json": true
      },
      "version": "5.1.0"
    }
  }
}