{
  "stats": {
    "suites": 9,
    "tests": 33,
    "passes": 33,
    "pending": 0,
    "failures": 0,
    "start": "2020-05-29T11:06:45.046Z",
    "end": "2020-05-29T11:08:01.863Z",
    "duration": 76817,
    "testsRegistered": 33,
    "passPercent": 100,
    "pendingPercent": 0,
    "other": 0,
    "hasOther": false,
    "skipped": 0,
    "hasSkipped": false
  },
  "results": [
    {
      "uuid": "b11468fc-a537-471d-adef-bb2e686ab872",
      "title": "",
      "fullFile": "cypress/integration/runAll.test.js",
      "file": "cypress/integration/runAll.test.js",
      "beforeHooks": [],
      "afterHooks": [],
      "tests": [],
      "suites": [
        {
          "uuid": "618186ef-898a-4b92-a12d-ce3049d220e8",
          "title": "Firefox : Task 1 – Cross-Device Elements Test for device: laptop",
          "fullFile": "",
          "file": "",
          "beforeHooks": [],
          "afterHooks": [],
          "tests": [
            {
              "title": "element: searchBar (#DIV__customsear__41) should be.visible for viewport: [1200, 700] ",
              "fullTitle": "Firefox : Task 1 – Cross-Device Elements Test for device: laptop element: searchBar (#DIV__customsear__41) should be.visible for viewport: [1200, 700] ",
              "timedOut": null,
              "duration": 4871,
              "state": "passed",
              "speed": "slow",
              "pass": true,
              "fail": false,
              "pending": false,
              "context": null,
              "code": "cy.visit((0, _config.URLS)(version).homePage);\ncy.viewport(width, height);\ncy.get(meta.selector).should(shouldElementBeShown);",
              "err": {},
              "uuid": "541fe7c1-cb44-42c1-bde3-3513b1b0568e",
              "parentUUID": "618186ef-898a-4b92-a12d-ce3049d220e8",
              "isHook": false,
              "skipped": false
            },
            {
              "title": "element: leftSideNav (#ASIDE__collg__67) should be.visible for viewport: [1200, 700] ",
              "fullTitle": "Firefox : Task 1 – Cross-Device Elements Test for device: laptop element: leftSideNav (#ASIDE__collg__67) should be.visible for viewport: [1200, 700] ",
              "timedOut": null,
              "duration": 2032,
              "state": "passed",
              "speed": "slow",
              "pass": true,
              "fail": false,
              "pending": false,
              "context": null,
              "code": "cy.visit((0, _config.URLS)(version).homePage);\ncy.viewport(width, height);\ncy.get(meta.selector).should(shouldElementBeShown);",
              "err": {},
              "uuid": "69639b12-6f2e-4395-9c06-d23602e7b2ce",
              "parentUUID": "618186ef-898a-4b92-a12d-ce3049d220e8",
              "isHook": false,
              "skipped": false
            },
            {
              "title": "element: mainMenu (#DIV__mainmenu__15) should be.visible for viewport: [1200, 700] ",
              "fullTitle": "Firefox : Task 1 – Cross-Device Elements Test for device: laptop element: mainMenu (#DIV__mainmenu__15) should be.visible for viewport: [1200, 700] ",
              "timedOut": null,
              "duration": 2145,
              "state": "passed",
              "speed": "slow",
              "pass": true,
              "fail": false,
              "pending": false,
              "context": null,
              "code": "cy.visit((0, _config.URLS)(version).homePage);\ncy.viewport(width, height);\ncy.get(meta.selector).should(shouldElementBeShown);",
              "err": {},
              "uuid": "24032018-7269-4142-bedb-4d8dcfe4378a",
              "parentUUID": "618186ef-898a-4b92-a12d-ce3049d220e8",
              "isHook": false,
              "skipped": false
            },
            {
              "title": "element: leadProductImage (#DIV__topbanner__187) should be.visible for viewport: [1200, 700] ",
              "fullTitle": "Firefox : Task 1 – Cross-Device Elements Test for device: laptop element: leadProductImage (#DIV__topbanner__187) should be.visible for viewport: [1200, 700] ",
              "timedOut": null,
              "duration": 1974,
              "state": "passed",
              "speed": "slow",
              "pass": true,
              "fail": false,
              "pending": false,
              "context": null,
              "code": "cy.visit((0, _config.URLS)(version).homePage);\ncy.viewport(width, height);\ncy.get(meta.selector).should(shouldElementBeShown);",
              "err": {},
              "uuid": "12ab836b-5804-413d-9978-cfb5dbb3f21a",
              "parentUUID": "618186ef-898a-4b92-a12d-ce3049d220e8",
              "isHook": false,
              "skipped": false
            },
            {
              "title": "element: basketCount (#STRONG____50) should be.visible for viewport: [1200, 700] ",
              "fullTitle": "Firefox : Task 1 – Cross-Device Elements Test for device: laptop element: basketCount (#STRONG____50) should be.visible for viewport: [1200, 700] ",
              "timedOut": null,
              "duration": 1398,
              "state": "passed",
              "speed": "slow",
              "pass": true,
              "fail": false,
              "pending": false,
              "context": null,
              "code": "cy.visit((0, _config.URLS)(version).homePage);\ncy.viewport(width, height);\ncy.get(meta.selector).should(shouldElementBeShown);",
              "err": {},
              "uuid": "1718ad17-f56b-48e8-9528-47f95bdae2b0",
              "parentUUID": "618186ef-898a-4b92-a12d-ce3049d220e8",
              "isHook": false,
              "skipped": false
            }
          ],
          "suites": [],
          "passes": [
            "541fe7c1-cb44-42c1-bde3-3513b1b0568e",
            "69639b12-6f2e-4395-9c06-d23602e7b2ce",
            "24032018-7269-4142-bedb-4d8dcfe4378a",
            "12ab836b-5804-413d-9978-cfb5dbb3f21a",
            "1718ad17-f56b-48e8-9528-47f95bdae2b0"
          ],
          "failures": [],
          "pending": [],
          "skipped": [],
          "duration": 12420,
          "root": false,
          "rootEmpty": false,
          "_timeout": 2000
        },
        {
          "uuid": "1942a0e2-d772-4463-b67b-0a301af3dc99",
          "title": "Firefox : Task 1 – Cross-Device Elements Test for device: tablet",
          "fullFile": "",
          "file": "",
          "beforeHooks": [],
          "afterHooks": [],
          "tests": [
            {
              "title": "element: searchBar (#DIV__customsear__41) should be.visible for viewport: [768, 700] ",
              "fullTitle": "Firefox : Task 1 – Cross-Device Elements Test for device: tablet element: searchBar (#DIV__customsear__41) should be.visible for viewport: [768, 700] ",
              "timedOut": null,
              "duration": 1884,
              "state": "passed",
              "speed": "slow",
              "pass": true,
              "fail": false,
              "pending": false,
              "context": null,
              "code": "cy.visit((0, _config.URLS)(version).homePage);\ncy.viewport(width, height);\ncy.get(meta.selector).should(shouldElementBeShown);",
              "err": {},
              "uuid": "0dc0ad6c-7517-4ecd-a7f9-31ca33e9f2fd",
              "parentUUID": "1942a0e2-d772-4463-b67b-0a301af3dc99",
              "isHook": false,
              "skipped": false
            },
            {
              "title": "element: leftSideNav (#ASIDE__collg__67) should not.be.visible for viewport: [768, 700] ",
              "fullTitle": "Firefox : Task 1 – Cross-Device Elements Test for device: tablet element: leftSideNav (#ASIDE__collg__67) should not.be.visible for viewport: [768, 700] ",
              "timedOut": null,
              "duration": 1626,
              "state": "passed",
              "speed": "slow",
              "pass": true,
              "fail": false,
              "pending": false,
              "context": null,
              "code": "cy.visit((0, _config.URLS)(version).homePage);\ncy.viewport(width, height);\ncy.get(meta.selector).should(shouldElementBeShown);",
              "err": {},
              "uuid": "e9032ddf-7d58-4ad3-9d36-b27d8373ed85",
              "parentUUID": "1942a0e2-d772-4463-b67b-0a301af3dc99",
              "isHook": false,
              "skipped": false
            },
            {
              "title": "element: mainMenu (#DIV__mainmenu__15) should not.be.visible for viewport: [768, 700] ",
              "fullTitle": "Firefox : Task 1 – Cross-Device Elements Test for device: tablet element: mainMenu (#DIV__mainmenu__15) should not.be.visible for viewport: [768, 700] ",
              "timedOut": null,
              "duration": 1695,
              "state": "passed",
              "speed": "slow",
              "pass": true,
              "fail": false,
              "pending": false,
              "context": null,
              "code": "cy.visit((0, _config.URLS)(version).homePage);\ncy.viewport(width, height);\ncy.get(meta.selector).should(shouldElementBeShown);",
              "err": {},
              "uuid": "728e1945-cd45-4141-99ce-45b717121b10",
              "parentUUID": "1942a0e2-d772-4463-b67b-0a301af3dc99",
              "isHook": false,
              "skipped": false
            },
            {
              "title": "element: leadProductImage (#DIV__topbanner__187) should be.visible for viewport: [768, 700] ",
              "fullTitle": "Firefox : Task 1 – Cross-Device Elements Test for device: tablet element: leadProductImage (#DIV__topbanner__187) should be.visible for viewport: [768, 700] ",
              "timedOut": null,
              "duration": 1472,
              "state": "passed",
              "speed": "slow",
              "pass": true,
              "fail": false,
              "pending": false,
              "context": null,
              "code": "cy.visit((0, _config.URLS)(version).homePage);\ncy.viewport(width, height);\ncy.get(meta.selector).should(shouldElementBeShown);",
              "err": {},
              "uuid": "f114d0f9-340b-459e-853b-17e69ae2b8e9",
              "parentUUID": "1942a0e2-d772-4463-b67b-0a301af3dc99",
              "isHook": false,
              "skipped": false
            },
            {
              "title": "element: basketCount (#STRONG____50) should be.visible for viewport: [768, 700] ",
              "fullTitle": "Firefox : Task 1 – Cross-Device Elements Test for device: tablet element: basketCount (#STRONG____50) should be.visible for viewport: [768, 700] ",
              "timedOut": null,
              "duration": 1864,
              "state": "passed",
              "speed": "slow",
              "pass": true,
              "fail": false,
              "pending": false,
              "context": null,
              "code": "cy.visit((0, _config.URLS)(version).homePage);\ncy.viewport(width, height);\ncy.get(meta.selector).should(shouldElementBeShown);",
              "err": {},
              "uuid": "34fb881b-cb66-426d-a96f-0f929eb44887",
              "parentUUID": "1942a0e2-d772-4463-b67b-0a301af3dc99",
              "isHook": false,
              "skipped": false
            }
          ],
          "suites": [],
          "passes": [
            "0dc0ad6c-7517-4ecd-a7f9-31ca33e9f2fd",
            "e9032ddf-7d58-4ad3-9d36-b27d8373ed85",
            "728e1945-cd45-4141-99ce-45b717121b10",
            "f114d0f9-340b-459e-853b-17e69ae2b8e9",
            "34fb881b-cb66-426d-a96f-0f929eb44887"
          ],
          "failures": [],
          "pending": [],
          "skipped": [],
          "duration": 8541,
          "root": false,
          "rootEmpty": false,
          "_timeout": 2000
        },
        {
          "uuid": "d5595f59-b408-48cf-95db-ee1d23872588",
          "title": "Firefox : Task 1 – Cross-Device Elements Test for device: mobile",
          "fullFile": "",
          "file": "",
          "beforeHooks": [],
          "afterHooks": [],
          "tests": [
            {
              "title": "element: searchBar (#DIV__customsear__41) should not.be.visible for viewport: [500, 700] ",
              "fullTitle": "Firefox : Task 1 – Cross-Device Elements Test for device: mobile element: searchBar (#DIV__customsear__41) should not.be.visible for viewport: [500, 700] ",
              "timedOut": null,
              "duration": 1891,
              "state": "passed",
              "speed": "slow",
              "pass": true,
              "fail": false,
              "pending": false,
              "context": null,
              "code": "cy.visit((0, _config.URLS)(version).homePage);\ncy.viewport(width, height);\ncy.get(meta.selector).should(shouldElementBeShown);",
              "err": {},
              "uuid": "f4744433-2375-4f1a-a8ed-8619c6f33f01",
              "parentUUID": "d5595f59-b408-48cf-95db-ee1d23872588",
              "isHook": false,
              "skipped": false
            },
            {
              "title": "element: leftSideNav (#ASIDE__collg__67) should not.be.visible for viewport: [500, 700] ",
              "fullTitle": "Firefox : Task 1 – Cross-Device Elements Test for device: mobile element: leftSideNav (#ASIDE__collg__67) should not.be.visible for viewport: [500, 700] ",
              "timedOut": null,
              "duration": 1945,
              "state": "passed",
              "speed": "slow",
              "pass": true,
              "fail": false,
              "pending": false,
              "context": null,
              "code": "cy.visit((0, _config.URLS)(version).homePage);\ncy.viewport(width, height);\ncy.get(meta.selector).should(shouldElementBeShown);",
              "err": {},
              "uuid": "0179487a-d4f8-47aa-855c-d92a78dbb2ed",
              "parentUUID": "d5595f59-b408-48cf-95db-ee1d23872588",
              "isHook": false,
              "skipped": false
            },
            {
              "title": "element: mainMenu (#DIV__mainmenu__15) should not.be.visible for viewport: [500, 700] ",
              "fullTitle": "Firefox : Task 1 – Cross-Device Elements Test for device: mobile element: mainMenu (#DIV__mainmenu__15) should not.be.visible for viewport: [500, 700] ",
              "timedOut": null,
              "duration": 1897,
              "state": "passed",
              "speed": "slow",
              "pass": true,
              "fail": false,
              "pending": false,
              "context": null,
              "code": "cy.visit((0, _config.URLS)(version).homePage);\ncy.viewport(width, height);\ncy.get(meta.selector).should(shouldElementBeShown);",
              "err": {},
              "uuid": "520e20df-260e-4fb9-8a45-57bf5b49755a",
              "parentUUID": "d5595f59-b408-48cf-95db-ee1d23872588",
              "isHook": false,
              "skipped": false
            },
            {
              "title": "element: leadProductImage (#DIV__topbanner__187) should be.visible for viewport: [500, 700] ",
              "fullTitle": "Firefox : Task 1 – Cross-Device Elements Test for device: mobile element: leadProductImage (#DIV__topbanner__187) should be.visible for viewport: [500, 700] ",
              "timedOut": null,
              "duration": 2252,
              "state": "passed",
              "speed": "slow",
              "pass": true,
              "fail": false,
              "pending": false,
              "context": null,
              "code": "cy.visit((0, _config.URLS)(version).homePage);\ncy.viewport(width, height);\ncy.get(meta.selector).should(shouldElementBeShown);",
              "err": {},
              "uuid": "e15ccf0b-ff5d-44f0-a05b-7db08e84e809",
              "parentUUID": "d5595f59-b408-48cf-95db-ee1d23872588",
              "isHook": false,
              "skipped": false
            },
            {
              "title": "element: basketCount (#STRONG____50) should not.be.visible for viewport: [500, 700] ",
              "fullTitle": "Firefox : Task 1 – Cross-Device Elements Test for device: mobile element: basketCount (#STRONG____50) should not.be.visible for viewport: [500, 700] ",
              "timedOut": null,
              "duration": 2061,
              "state": "passed",
              "speed": "slow",
              "pass": true,
              "fail": false,
              "pending": false,
              "context": null,
              "code": "cy.visit((0, _config.URLS)(version).homePage);\ncy.viewport(width, height);\ncy.get(meta.selector).should(shouldElementBeShown);",
              "err": {},
              "uuid": "1fae5029-6916-49f9-beb6-b536a697af55",
              "parentUUID": "d5595f59-b408-48cf-95db-ee1d23872588",
              "isHook": false,
              "skipped": false
            }
          ],
          "suites": [],
          "passes": [
            "f4744433-2375-4f1a-a8ed-8619c6f33f01",
            "0179487a-d4f8-47aa-855c-d92a78dbb2ed",
            "520e20df-260e-4fb9-8a45-57bf5b49755a",
            "e15ccf0b-ff5d-44f0-a05b-7db08e84e809",
            "1fae5029-6916-49f9-beb6-b536a697af55"
          ],
          "failures": [],
          "pending": [],
          "skipped": [],
          "duration": 10046,
          "root": false,
          "rootEmpty": false,
          "_timeout": 2000
        },
        {
          "uuid": "6f2f100c-ff6d-44c5-82d6-d032555d52fd",
          "title": "Firefox : Task 2 – Shopping Experience Test for laptop",
          "fullFile": "",
          "file": "",
          "beforeHooks": [],
          "afterHooks": [],
          "tests": [
            {
              "title": "should filter by black and display two results for viewport: [1200, 700] ",
              "fullTitle": "Firefox : Task 2 – Shopping Experience Test for laptop should filter by black and display two results for viewport: [1200, 700] ",
              "timedOut": null,
              "duration": 3307,
              "state": "passed",
              "speed": "slow",
              "pass": true,
              "fail": false,
              "pending": false,
              "context": null,
              "code": "cy.visit((0, _config.URLS)(version).homePage);\ncy.viewport(width, height);\ncy.get(gridItemSelector).should('have.length', 9);\nfilter[device]();\ncy.get(gridItemSelector).should('have.length', 2);",
              "err": {},
              "uuid": "82ddf87e-9d3d-4b51-983c-2f3f9257a945",
              "parentUUID": "6f2f100c-ff6d-44c5-82d6-d032555d52fd",
              "isHook": false,
              "skipped": false
            }
          ],
          "suites": [],
          "passes": [
            "82ddf87e-9d3d-4b51-983c-2f3f9257a945"
          ],
          "failures": [],
          "pending": [],
          "skipped": [],
          "duration": 3307,
          "root": false,
          "rootEmpty": false,
          "_timeout": 2000
        },
        {
          "uuid": "10691335-1080-4678-a308-e3be9e3de723",
          "title": "Firefox : Task 2 – Shopping Experience Test for tablet",
          "fullFile": "",
          "file": "",
          "beforeHooks": [],
          "afterHooks": [],
          "tests": [
            {
              "title": "should filter by black and display two results for viewport: [768, 700] ",
              "fullTitle": "Firefox : Task 2 – Shopping Experience Test for tablet should filter by black and display two results for viewport: [768, 700] ",
              "timedOut": null,
              "duration": 3872,
              "state": "passed",
              "speed": "slow",
              "pass": true,
              "fail": false,
              "pending": false,
              "context": null,
              "code": "cy.visit((0, _config.URLS)(version).homePage);\ncy.viewport(width, height);\ncy.get(gridItemSelector).should('have.length', 9);\nfilter[device]();\ncy.get(gridItemSelector).should('have.length', 2);",
              "err": {},
              "uuid": "8927522d-42aa-40fa-b537-048ce05db65a",
              "parentUUID": "10691335-1080-4678-a308-e3be9e3de723",
              "isHook": false,
              "skipped": false
            }
          ],
          "suites": [],
          "passes": [
            "8927522d-42aa-40fa-b537-048ce05db65a"
          ],
          "failures": [],
          "pending": [],
          "skipped": [],
          "duration": 3872,
          "root": false,
          "rootEmpty": false,
          "_timeout": 2000
        },
        {
          "uuid": "e9650f31-a0b2-4dd5-8a33-17363f1e5529",
          "title": "Firefox : Task 2 – Shopping Experience Test for mobile",
          "fullFile": "",
          "file": "",
          "beforeHooks": [],
          "afterHooks": [],
          "tests": [
            {
              "title": "should filter by black and display two results for viewport: [500, 700] ",
              "fullTitle": "Firefox : Task 2 – Shopping Experience Test for mobile should filter by black and display two results for viewport: [500, 700] ",
              "timedOut": null,
              "duration": 3964,
              "state": "passed",
              "speed": "slow",
              "pass": true,
              "fail": false,
              "pending": false,
              "context": null,
              "code": "cy.visit((0, _config.URLS)(version).homePage);\ncy.viewport(width, height);\ncy.get(gridItemSelector).should('have.length', 9);\nfilter[device]();\ncy.get(gridItemSelector).should('have.length', 2);",
              "err": {},
              "uuid": "51e8d55e-f604-4d28-9664-1380a02e2ffe",
              "parentUUID": "e9650f31-a0b2-4dd5-8a33-17363f1e5529",
              "isHook": false,
              "skipped": false
            }
          ],
          "suites": [],
          "passes": [
            "51e8d55e-f604-4d28-9664-1380a02e2ffe"
          ],
          "failures": [],
          "pending": [],
          "skipped": [],
          "duration": 3964,
          "root": false,
          "rootEmpty": false,
          "_timeout": 2000
        },
        {
          "uuid": "a56aa1f2-4a15-4b7f-b62f-23feb17ff86f",
          "title": "Firefox : Task 3 –  Product Details Responsive Test for laptop",
          "fullFile": "",
          "file": "",
          "beforeHooks": [],
          "afterHooks": [],
          "tests": [
            {
              "title": "element: mainImage (#shoe_img) should be.visible for viewport: [1200, 700] ",
              "fullTitle": "Firefox : Task 3 –  Product Details Responsive Test for laptop element: mainImage (#shoe_img) should be.visible for viewport: [1200, 700] ",
              "timedOut": null,
              "duration": 3078,
              "state": "passed",
              "speed": "slow",
              "pass": true,
              "fail": false,
              "pending": false,
              "context": null,
              "code": "cy.visit(\"\".concat((0, _config.URLS)(version).productListing, \"?id=1\"));\ncy.viewport(width, height);\ncy.get(meta.selector).should(shouldElementBeShown);",
              "err": {},
              "uuid": "c8df7f96-8cd5-436e-bcbc-1ee70e3679f1",
              "parentUUID": "a56aa1f2-4a15-4b7f-b62f-23feb17ff86f",
              "isHook": false,
              "skipped": false
            },
            {
              "title": "element: rating (#SPAN__rating__76) should be.visible for viewport: [1200, 700] ",
              "fullTitle": "Firefox : Task 3 –  Product Details Responsive Test for laptop element: rating (#SPAN__rating__76) should be.visible for viewport: [1200, 700] ",
              "timedOut": null,
              "duration": 2087,
              "state": "passed",
              "speed": "slow",
              "pass": true,
              "fail": false,
              "pending": false,
              "context": null,
              "code": "cy.visit(\"\".concat((0, _config.URLS)(version).productListing, \"?id=1\"));\ncy.viewport(width, height);\ncy.get(meta.selector).should(shouldElementBeShown);",
              "err": {},
              "uuid": "da9a3166-b822-4cfc-9117-cf74d1122c19",
              "parentUUID": "a56aa1f2-4a15-4b7f-b62f-23feb17ff86f",
              "isHook": false,
              "skipped": false
            },
            {
              "title": "element: description (#P____83) should be.visible for viewport: [1200, 700] ",
              "fullTitle": "Firefox : Task 3 –  Product Details Responsive Test for laptop element: description (#P____83) should be.visible for viewport: [1200, 700] ",
              "timedOut": null,
              "duration": 2110,
              "state": "passed",
              "speed": "slow",
              "pass": true,
              "fail": false,
              "pending": false,
              "context": null,
              "code": "cy.visit(\"\".concat((0, _config.URLS)(version).productListing, \"?id=1\"));\ncy.viewport(width, height);\ncy.get(meta.selector).should(shouldElementBeShown);",
              "err": {},
              "uuid": "a49cab33-f3f3-4ad0-b856-7b549455b6ee",
              "parentUUID": "a56aa1f2-4a15-4b7f-b62f-23feb17ff86f",
              "isHook": false,
              "skipped": false
            },
            {
              "title": "element: addToCart (#DIV__btnaddtoca__113) should be.visible for viewport: [1200, 700] ",
              "fullTitle": "Firefox : Task 3 –  Product Details Responsive Test for laptop element: addToCart (#DIV__btnaddtoca__113) should be.visible for viewport: [1200, 700] ",
              "timedOut": null,
              "duration": 1987,
              "state": "passed",
              "speed": "slow",
              "pass": true,
              "fail": false,
              "pending": false,
              "context": null,
              "code": "cy.visit(\"\".concat((0, _config.URLS)(version).productListing, \"?id=1\"));\ncy.viewport(width, height);\ncy.get(meta.selector).should(shouldElementBeShown);",
              "err": {},
              "uuid": "db9348d3-8315-4cc4-aed1-2ec0eec12ea1",
              "parentUUID": "a56aa1f2-4a15-4b7f-b62f-23feb17ff86f",
              "isHook": false,
              "skipped": false
            },
            {
              "title": "element: price (#DIV__pricemain__108) should be.visible for viewport: [1200, 700] ",
              "fullTitle": "Firefox : Task 3 –  Product Details Responsive Test for laptop element: price (#DIV__pricemain__108) should be.visible for viewport: [1200, 700] ",
              "timedOut": null,
              "duration": 1945,
              "state": "passed",
              "speed": "slow",
              "pass": true,
              "fail": false,
              "pending": false,
              "context": null,
              "code": "cy.visit(\"\".concat((0, _config.URLS)(version).productListing, \"?id=1\"));\ncy.viewport(width, height);\ncy.get(meta.selector).should(shouldElementBeShown);",
              "err": {},
              "uuid": "28a233e6-0c60-4fd2-8070-a0fb0b4f547e",
              "parentUUID": "a56aa1f2-4a15-4b7f-b62f-23feb17ff86f",
              "isHook": false,
              "skipped": false
            }
          ],
          "suites": [],
          "passes": [
            "c8df7f96-8cd5-436e-bcbc-1ee70e3679f1",
            "da9a3166-b822-4cfc-9117-cf74d1122c19",
            "a49cab33-f3f3-4ad0-b856-7b549455b6ee",
            "db9348d3-8315-4cc4-aed1-2ec0eec12ea1",
            "28a233e6-0c60-4fd2-8070-a0fb0b4f547e"
          ],
          "failures": [],
          "pending": [],
          "skipped": [],
          "duration": 11207,
          "root": false,
          "rootEmpty": false,
          "_timeout": 2000
        },
        {
          "uuid": "638dcc80-06ba-428e-9c76-64919670ce27",
          "title": "Firefox : Task 3 –  Product Details Responsive Test for tablet",
          "fullFile": "",
          "file": "",
          "beforeHooks": [],
          "afterHooks": [],
          "tests": [
            {
              "title": "element: mainImage (#shoe_img) should be.visible for viewport: [768, 700] ",
              "fullTitle": "Firefox : Task 3 –  Product Details Responsive Test for tablet element: mainImage (#shoe_img) should be.visible for viewport: [768, 700] ",
              "timedOut": null,
              "duration": 1632,
              "state": "passed",
              "speed": "slow",
              "pass": true,
              "fail": false,
              "pending": false,
              "context": null,
              "code": "cy.visit(\"\".concat((0, _config.URLS)(version).productListing, \"?id=1\"));\ncy.viewport(width, height);\ncy.get(meta.selector).should(shouldElementBeShown);",
              "err": {},
              "uuid": "8235de61-14af-4c2b-baeb-8611dfb6d51d",
              "parentUUID": "638dcc80-06ba-428e-9c76-64919670ce27",
              "isHook": false,
              "skipped": false
            },
            {
              "title": "element: rating (#SPAN__rating__76) should be.visible for viewport: [768, 700] ",
              "fullTitle": "Firefox : Task 3 –  Product Details Responsive Test for tablet element: rating (#SPAN__rating__76) should be.visible for viewport: [768, 700] ",
              "timedOut": null,
              "duration": 1679,
              "state": "passed",
              "speed": "slow",
              "pass": true,
              "fail": false,
              "pending": false,
              "context": null,
              "code": "cy.visit(\"\".concat((0, _config.URLS)(version).productListing, \"?id=1\"));\ncy.viewport(width, height);\ncy.get(meta.selector).should(shouldElementBeShown);",
              "err": {},
              "uuid": "296ac448-4140-4790-9618-212790784ed6",
              "parentUUID": "638dcc80-06ba-428e-9c76-64919670ce27",
              "isHook": false,
              "skipped": false
            },
            {
              "title": "element: description (#P____83) should be.visible for viewport: [768, 700] ",
              "fullTitle": "Firefox : Task 3 –  Product Details Responsive Test for tablet element: description (#P____83) should be.visible for viewport: [768, 700] ",
              "timedOut": null,
              "duration": 1501,
              "state": "passed",
              "speed": "slow",
              "pass": true,
              "fail": false,
              "pending": false,
              "context": null,
              "code": "cy.visit(\"\".concat((0, _config.URLS)(version).productListing, \"?id=1\"));\ncy.viewport(width, height);\ncy.get(meta.selector).should(shouldElementBeShown);",
              "err": {},
              "uuid": "241b6eea-abb5-44d9-a32c-b857a25183b1",
              "parentUUID": "638dcc80-06ba-428e-9c76-64919670ce27",
              "isHook": false,
              "skipped": false
            },
            {
              "title": "element: addToCart (#DIV__btnaddtoca__113) should be.visible for viewport: [768, 700] ",
              "fullTitle": "Firefox : Task 3 –  Product Details Responsive Test for tablet element: addToCart (#DIV__btnaddtoca__113) should be.visible for viewport: [768, 700] ",
              "timedOut": null,
              "duration": 1469,
              "state": "passed",
              "speed": "slow",
              "pass": true,
              "fail": false,
              "pending": false,
              "context": null,
              "code": "cy.visit(\"\".concat((0, _config.URLS)(version).productListing, \"?id=1\"));\ncy.viewport(width, height);\ncy.get(meta.selector).should(shouldElementBeShown);",
              "err": {},
              "uuid": "f898e042-0701-414d-8ec0-40e5b0331725",
              "parentUUID": "638dcc80-06ba-428e-9c76-64919670ce27",
              "isHook": false,
              "skipped": false
            },
            {
              "title": "element: price (#DIV__pricemain__108) should be.visible for viewport: [768, 700] ",
              "fullTitle": "Firefox : Task 3 –  Product Details Responsive Test for tablet element: price (#DIV__pricemain__108) should be.visible for viewport: [768, 700] ",
              "timedOut": null,
              "duration": 1351,
              "state": "passed",
              "speed": "slow",
              "pass": true,
              "fail": false,
              "pending": false,
              "context": null,
              "code": "cy.visit(\"\".concat((0, _config.URLS)(version).productListing, \"?id=1\"));\ncy.viewport(width, height);\ncy.get(meta.selector).should(shouldElementBeShown);",
              "err": {},
              "uuid": "a731b1a0-bb3f-4130-bb2f-1c2f9dad23d9",
              "parentUUID": "638dcc80-06ba-428e-9c76-64919670ce27",
              "isHook": false,
              "skipped": false
            }
          ],
          "suites": [],
          "passes": [
            "8235de61-14af-4c2b-baeb-8611dfb6d51d",
            "296ac448-4140-4790-9618-212790784ed6",
            "241b6eea-abb5-44d9-a32c-b857a25183b1",
            "f898e042-0701-414d-8ec0-40e5b0331725",
            "a731b1a0-bb3f-4130-bb2f-1c2f9dad23d9"
          ],
          "failures": [],
          "pending": [],
          "skipped": [],
          "duration": 7632,
          "root": false,
          "rootEmpty": false,
          "_timeout": 2000
        },
        {
          "uuid": "73285562-d3f1-461d-b837-20c695ec7c00",
          "title": "Firefox : Task 3 –  Product Details Responsive Test for mobile",
          "fullFile": "",
          "file": "",
          "beforeHooks": [],
          "afterHooks": [],
          "tests": [
            {
              "title": "element: mainImage (#shoe_img) should be.visible for viewport: [500, 700] ",
              "fullTitle": "Firefox : Task 3 –  Product Details Responsive Test for mobile element: mainImage (#shoe_img) should be.visible for viewport: [500, 700] ",
              "timedOut": null,
              "duration": 1468,
              "state": "passed",
              "speed": "slow",
              "pass": true,
              "fail": false,
              "pending": false,
              "context": null,
              "code": "cy.visit(\"\".concat((0, _config.URLS)(version).productListing, \"?id=1\"));\ncy.viewport(width, height);\ncy.get(meta.selector).should(shouldElementBeShown);",
              "err": {},
              "uuid": "c2801e70-a548-4047-b8f6-619dd5d4d56c",
              "parentUUID": "73285562-d3f1-461d-b837-20c695ec7c00",
              "isHook": false,
              "skipped": false
            },
            {
              "title": "element: rating (#SPAN__rating__76) should be.visible for viewport: [500, 700] ",
              "fullTitle": "Firefox : Task 3 –  Product Details Responsive Test for mobile element: rating (#SPAN__rating__76) should be.visible for viewport: [500, 700] ",
              "timedOut": null,
              "duration": 1252,
              "state": "passed",
              "speed": "slow",
              "pass": true,
              "fail": false,
              "pending": false,
              "context": null,
              "code": "cy.visit(\"\".concat((0, _config.URLS)(version).productListing, \"?id=1\"));\ncy.viewport(width, height);\ncy.get(meta.selector).should(shouldElementBeShown);",
              "err": {},
              "uuid": "498a2178-0860-4ca1-9db8-0415a442a845",
              "parentUUID": "73285562-d3f1-461d-b837-20c695ec7c00",
              "isHook": false,
              "skipped": false
            },
            {
              "title": "element: description (#P____83) should be.visible for viewport: [500, 700] ",
              "fullTitle": "Firefox : Task 3 –  Product Details Responsive Test for mobile element: description (#P____83) should be.visible for viewport: [500, 700] ",
              "timedOut": null,
              "duration": 1379,
              "state": "passed",
              "speed": "slow",
              "pass": true,
              "fail": false,
              "pending": false,
              "context": null,
              "code": "cy.visit(\"\".concat((0, _config.URLS)(version).productListing, \"?id=1\"));\ncy.viewport(width, height);\ncy.get(meta.selector).should(shouldElementBeShown);",
              "err": {},
              "uuid": "8bfd353b-0757-4ea4-812e-a9f796bf4157",
              "parentUUID": "73285562-d3f1-461d-b837-20c695ec7c00",
              "isHook": false,
              "skipped": false
            },
            {
              "title": "element: addToCart (#DIV__btnaddtoca__113) should be.visible for viewport: [500, 700] ",
              "fullTitle": "Firefox : Task 3 –  Product Details Responsive Test for mobile element: addToCart (#DIV__btnaddtoca__113) should be.visible for viewport: [500, 700] ",
              "timedOut": null,
              "duration": 1179,
              "state": "passed",
              "speed": "slow",
              "pass": true,
              "fail": false,
              "pending": false,
              "context": null,
              "code": "cy.visit(\"\".concat((0, _config.URLS)(version).productListing, \"?id=1\"));\ncy.viewport(width, height);\ncy.get(meta.selector).should(shouldElementBeShown);",
              "err": {},
              "uuid": "0e94aad3-9f20-4ff0-a3e3-98dd31f55020",
              "parentUUID": "73285562-d3f1-461d-b837-20c695ec7c00",
              "isHook": false,
              "skipped": false
            },
            {
              "title": "element: price (#DIV__pricemain__108) should be.visible for viewport: [500, 700] ",
              "fullTitle": "Firefox : Task 3 –  Product Details Responsive Test for mobile element: price (#DIV__pricemain__108) should be.visible for viewport: [500, 700] ",
              "timedOut": null,
              "duration": 1212,
              "state": "passed",
              "speed": "slow",
              "pass": true,
              "fail": false,
              "pending": false,
              "context": null,
              "code": "cy.visit(\"\".concat((0, _config.URLS)(version).productListing, \"?id=1\"));\ncy.viewport(width, height);\ncy.get(meta.selector).should(shouldElementBeShown);",
              "err": {},
              "uuid": "9508fc01-6f08-4708-a071-90bcf39a0e79",
              "parentUUID": "73285562-d3f1-461d-b837-20c695ec7c00",
              "isHook": false,
              "skipped": false
            }
          ],
          "suites": [],
          "passes": [
            "c2801e70-a548-4047-b8f6-619dd5d4d56c",
            "498a2178-0860-4ca1-9db8-0415a442a845",
            "8bfd353b-0757-4ea4-812e-a9f796bf4157",
            "0e94aad3-9f20-4ff0-a3e3-98dd31f55020",
            "9508fc01-6f08-4708-a071-90bcf39a0e79"
          ],
          "failures": [],
          "pending": [],
          "skipped": [],
          "duration": 6490,
          "root": false,
          "rootEmpty": false,
          "_timeout": 2000
        }
      ],
      "passes": [],
      "failures": [],
      "pending": [],
      "skipped": [],
      "duration": 0,
      "root": true,
      "rootEmpty": true,
      "_timeout": 2000
    }
  ],
  "meta": {
    "mocha": {
      "version": "7.1.2"
    },
    "mochawesome": {
      "options": {
        "quiet": false,
        "reportFilename": "mochawesome",
        "saveHtml": false,
        "saveJson": true,
        "consoleReporter": "spec",
        "useInlineDiffs": false,
        "code": true
      },
      "version": "6.1.1"
    },
    "marge": {
      "options": {
        "overwrite": false,
        "html": false,
        "json": true
      },
      "version": "5.1.0"
    }
  }
}