{
  "stats": {
    "suites": 9,
    "tests": 33,
    "passes": 33,
    "pending": 0,
    "failures": 0,
    "start": "2020-05-29T11:06:42.634Z",
    "end": "2020-05-29T11:07:34.554Z",
    "duration": 51920,
    "testsRegistered": 33,
    "passPercent": 100,
    "pendingPercent": 0,
    "other": 0,
    "hasOther": false,
    "skipped": 0,
    "hasSkipped": false
  },
  "results": [
    {
      "uuid": "b4ca8b77-707f-40cd-a995-830cfefb4bc1",
      "title": "",
      "fullFile": "cypress/integration/runAll.test.js",
      "file": "cypress/integration/runAll.test.js",
      "beforeHooks": [],
      "afterHooks": [],
      "tests": [],
      "suites": [
        {
          "uuid": "b92889db-b66f-464a-b864-5a3c2ea642c2",
          "title": "Chrome : Task 1 – Cross-Device Elements Test for device: laptop",
          "fullFile": "",
          "file": "",
          "beforeHooks": [],
          "afterHooks": [],
          "tests": [
            {
              "title": "element: searchBar (#DIV__customsear__41) should be.visible for viewport: [1200, 700] ",
              "fullTitle": "Chrome : Task 1 – Cross-Device Elements Test for device: laptop element: searchBar (#DIV__customsear__41) should be.visible for viewport: [1200, 700] ",
              "timedOut": null,
              "duration": 3665,
              "state": "passed",
              "speed": "slow",
              "pass": true,
              "fail": false,
              "pending": false,
              "context": null,
              "code": "cy.visit((0, _config.URLS)(version).homePage);\ncy.viewport(width, height);\ncy.get(meta.selector).should(shouldElementBeShown);",
              "err": {},
              "uuid": "d88f17ee-15f0-4548-bea4-6b42101a7a76",
              "parentUUID": "b92889db-b66f-464a-b864-5a3c2ea642c2",
              "isHook": false,
              "skipped": false
            },
            {
              "title": "element: leftSideNav (#ASIDE__collg__67) should be.visible for viewport: [1200, 700] ",
              "fullTitle": "Chrome : Task 1 – Cross-Device Elements Test for device: laptop element: leftSideNav (#ASIDE__collg__67) should be.visible for viewport: [1200, 700] ",
              "timedOut": null,
              "duration": 1620,
              "state": "passed",
              "speed": "slow",
              "pass": true,
              "fail": false,
              "pending": false,
              "context": null,
              "code": "cy.visit((0, _config.URLS)(version).homePage);\ncy.viewport(width, height);\ncy.get(meta.selector).should(shouldElementBeShown);",
              "err": {},
              "uuid": "3ab16f33-c9fc-41a5-bf7e-0bcb42ddb547",
              "parentUUID": "b92889db-b66f-464a-b864-5a3c2ea642c2",
              "isHook": false,
              "skipped": false
            },
            {
              "title": "element: mainMenu (#DIV__mainmenu__15) should be.visible for viewport: [1200, 700] ",
              "fullTitle": "Chrome : Task 1 – Cross-Device Elements Test for device: laptop element: mainMenu (#DIV__mainmenu__15) should be.visible for viewport: [1200, 700] ",
              "timedOut": null,
              "duration": 807,
              "state": "passed",
              "speed": "slow",
              "pass": true,
              "fail": false,
              "pending": false,
              "context": null,
              "code": "cy.visit((0, _config.URLS)(version).homePage);\ncy.viewport(width, height);\ncy.get(meta.selector).should(shouldElementBeShown);",
              "err": {},
              "uuid": "66602b7c-eb04-41c4-bc2d-7b065255686d",
              "parentUUID": "b92889db-b66f-464a-b864-5a3c2ea642c2",
              "isHook": false,
              "skipped": false
            },
            {
              "title": "element: leadProductImage (#DIV__topbanner__187) should be.visible for viewport: [1200, 700] ",
              "fullTitle": "Chrome : Task 1 – Cross-Device Elements Test for device: laptop element: leadProductImage (#DIV__topbanner__187) should be.visible for viewport: [1200, 700] ",
              "timedOut": null,
              "duration": 1239,
              "state": "passed",
              "speed": "slow",
              "pass": true,
              "fail": false,
              "pending": false,
              "context": null,
              "code": "cy.visit((0, _config.URLS)(version).homePage);\ncy.viewport(width, height);\ncy.get(meta.selector).should(shouldElementBeShown);",
              "err": {},
              "uuid": "61dfc73d-71f8-46f3-a7ec-3bfba7c5040f",
              "parentUUID": "b92889db-b66f-464a-b864-5a3c2ea642c2",
              "isHook": false,
              "skipped": false
            },
            {
              "title": "element: basketCount (#STRONG____50) should be.visible for viewport: [1200, 700] ",
              "fullTitle": "Chrome : Task 1 – Cross-Device Elements Test for device: laptop element: basketCount (#STRONG____50) should be.visible for viewport: [1200, 700] ",
              "timedOut": null,
              "duration": 911,
              "state": "passed",
              "speed": "slow",
              "pass": true,
              "fail": false,
              "pending": false,
              "context": null,
              "code": "cy.visit((0, _config.URLS)(version).homePage);\ncy.viewport(width, height);\ncy.get(meta.selector).should(shouldElementBeShown);",
              "err": {},
              "uuid": "7dd183fc-4cc8-4bd7-8cbe-c3713a010140",
              "parentUUID": "b92889db-b66f-464a-b864-5a3c2ea642c2",
              "isHook": false,
              "skipped": false
            }
          ],
          "suites": [],
          "passes": [
            "d88f17ee-15f0-4548-bea4-6b42101a7a76",
            "3ab16f33-c9fc-41a5-bf7e-0bcb42ddb547",
            "66602b7c-eb04-41c4-bc2d-7b065255686d",
            "61dfc73d-71f8-46f3-a7ec-3bfba7c5040f",
            "7dd183fc-4cc8-4bd7-8cbe-c3713a010140"
          ],
          "failures": [],
          "pending": [],
          "skipped": [],
          "duration": 8242,
          "root": false,
          "rootEmpty": false,
          "_timeout": 2000
        },
        {
          "uuid": "53425a2a-501e-4a3d-b618-25ef8c866314",
          "title": "Chrome : Task 1 – Cross-Device Elements Test for device: tablet",
          "fullFile": "",
          "file": "",
          "beforeHooks": [],
          "afterHooks": [],
          "tests": [
            {
              "title": "element: searchBar (#DIV__customsear__41) should be.visible for viewport: [768, 700] ",
              "fullTitle": "Chrome : Task 1 – Cross-Device Elements Test for device: tablet element: searchBar (#DIV__customsear__41) should be.visible for viewport: [768, 700] ",
              "timedOut": null,
              "duration": 1237,
              "state": "passed",
              "speed": "slow",
              "pass": true,
              "fail": false,
              "pending": false,
              "context": null,
              "code": "cy.visit((0, _config.URLS)(version).homePage);\ncy.viewport(width, height);\ncy.get(meta.selector).should(shouldElementBeShown);",
              "err": {},
              "uuid": "95f236b2-bfde-4504-96b5-4a644da532cc",
              "parentUUID": "53425a2a-501e-4a3d-b618-25ef8c866314",
              "isHook": false,
              "skipped": false
            },
            {
              "title": "element: leftSideNav (#ASIDE__collg__67) should not.be.visible for viewport: [768, 700] ",
              "fullTitle": "Chrome : Task 1 – Cross-Device Elements Test for device: tablet element: leftSideNav (#ASIDE__collg__67) should not.be.visible for viewport: [768, 700] ",
              "timedOut": null,
              "duration": 762,
              "state": "passed",
              "speed": "slow",
              "pass": true,
              "fail": false,
              "pending": false,
              "context": null,
              "code": "cy.visit((0, _config.URLS)(version).homePage);\ncy.viewport(width, height);\ncy.get(meta.selector).should(shouldElementBeShown);",
              "err": {},
              "uuid": "a8a8c8dd-a4c0-4c83-a4e2-9525070a6ea9",
              "parentUUID": "53425a2a-501e-4a3d-b618-25ef8c866314",
              "isHook": false,
              "skipped": false
            },
            {
              "title": "element: mainMenu (#DIV__mainmenu__15) should not.be.visible for viewport: [768, 700] ",
              "fullTitle": "Chrome : Task 1 – Cross-Device Elements Test for device: tablet element: mainMenu (#DIV__mainmenu__15) should not.be.visible for viewport: [768, 700] ",
              "timedOut": null,
              "duration": 1504,
              "state": "passed",
              "speed": "slow",
              "pass": true,
              "fail": false,
              "pending": false,
              "context": null,
              "code": "cy.visit((0, _config.URLS)(version).homePage);\ncy.viewport(width, height);\ncy.get(meta.selector).should(shouldElementBeShown);",
              "err": {},
              "uuid": "c79f8dfd-717f-4fe8-96d4-0593521bcf8e",
              "parentUUID": "53425a2a-501e-4a3d-b618-25ef8c866314",
              "isHook": false,
              "skipped": false
            },
            {
              "title": "element: leadProductImage (#DIV__topbanner__187) should be.visible for viewport: [768, 700] ",
              "fullTitle": "Chrome : Task 1 – Cross-Device Elements Test for device: tablet element: leadProductImage (#DIV__topbanner__187) should be.visible for viewport: [768, 700] ",
              "timedOut": null,
              "duration": 915,
              "state": "passed",
              "speed": "slow",
              "pass": true,
              "fail": false,
              "pending": false,
              "context": null,
              "code": "cy.visit((0, _config.URLS)(version).homePage);\ncy.viewport(width, height);\ncy.get(meta.selector).should(shouldElementBeShown);",
              "err": {},
              "uuid": "db6b6a56-61e3-432d-871f-b668144b45cd",
              "parentUUID": "53425a2a-501e-4a3d-b618-25ef8c866314",
              "isHook": false,
              "skipped": false
            },
            {
              "title": "element: basketCount (#STRONG____50) should be.visible for viewport: [768, 700] ",
              "fullTitle": "Chrome : Task 1 – Cross-Device Elements Test for device: tablet element: basketCount (#STRONG____50) should be.visible for viewport: [768, 700] ",
              "timedOut": null,
              "duration": 1528,
              "state": "passed",
              "speed": "slow",
              "pass": true,
              "fail": false,
              "pending": false,
              "context": null,
              "code": "cy.visit((0, _config.URLS)(version).homePage);\ncy.viewport(width, height);\ncy.get(meta.selector).should(shouldElementBeShown);",
              "err": {},
              "uuid": "cc0e317d-ac5b-439b-b54d-3a2bfab85c61",
              "parentUUID": "53425a2a-501e-4a3d-b618-25ef8c866314",
              "isHook": false,
              "skipped": false
            }
          ],
          "suites": [],
          "passes": [
            "95f236b2-bfde-4504-96b5-4a644da532cc",
            "a8a8c8dd-a4c0-4c83-a4e2-9525070a6ea9",
            "c79f8dfd-717f-4fe8-96d4-0593521bcf8e",
            "db6b6a56-61e3-432d-871f-b668144b45cd",
            "cc0e317d-ac5b-439b-b54d-3a2bfab85c61"
          ],
          "failures": [],
          "pending": [],
          "skipped": [],
          "duration": 5946,
          "root": false,
          "rootEmpty": false,
          "_timeout": 2000
        },
        {
          "uuid": "ebff4872-2b15-4fe4-9b17-13f722f38224",
          "title": "Chrome : Task 1 – Cross-Device Elements Test for device: mobile",
          "fullFile": "",
          "file": "",
          "beforeHooks": [],
          "afterHooks": [],
          "tests": [
            {
              "title": "element: searchBar (#DIV__customsear__41) should not.be.visible for viewport: [500, 700] ",
              "fullTitle": "Chrome : Task 1 – Cross-Device Elements Test for device: mobile element: searchBar (#DIV__customsear__41) should not.be.visible for viewport: [500, 700] ",
              "timedOut": null,
              "duration": 826,
              "state": "passed",
              "speed": "slow",
              "pass": true,
              "fail": false,
              "pending": false,
              "context": null,
              "code": "cy.visit((0, _config.URLS)(version).homePage);\ncy.viewport(width, height);\ncy.get(meta.selector).should(shouldElementBeShown);",
              "err": {},
              "uuid": "3e6c6e6c-4529-4787-9cfb-d9218cd99db4",
              "parentUUID": "ebff4872-2b15-4fe4-9b17-13f722f38224",
              "isHook": false,
              "skipped": false
            },
            {
              "title": "element: leftSideNav (#ASIDE__collg__67) should not.be.visible for viewport: [500, 700] ",
              "fullTitle": "Chrome : Task 1 – Cross-Device Elements Test for device: mobile element: leftSideNav (#ASIDE__collg__67) should not.be.visible for viewport: [500, 700] ",
              "timedOut": null,
              "duration": 3028,
              "state": "passed",
              "speed": "slow",
              "pass": true,
              "fail": false,
              "pending": false,
              "context": null,
              "code": "cy.visit((0, _config.URLS)(version).homePage);\ncy.viewport(width, height);\ncy.get(meta.selector).should(shouldElementBeShown);",
              "err": {},
              "uuid": "0eafa578-ff54-49dc-9205-e6af4a7bf2aa",
              "parentUUID": "ebff4872-2b15-4fe4-9b17-13f722f38224",
              "isHook": false,
              "skipped": false
            },
            {
              "title": "element: mainMenu (#DIV__mainmenu__15) should not.be.visible for viewport: [500, 700] ",
              "fullTitle": "Chrome : Task 1 – Cross-Device Elements Test for device: mobile element: mainMenu (#DIV__mainmenu__15) should not.be.visible for viewport: [500, 700] ",
              "timedOut": null,
              "duration": 825,
              "state": "passed",
              "speed": "slow",
              "pass": true,
              "fail": false,
              "pending": false,
              "context": null,
              "code": "cy.visit((0, _config.URLS)(version).homePage);\ncy.viewport(width, height);\ncy.get(meta.selector).should(shouldElementBeShown);",
              "err": {},
              "uuid": "4b9e4135-2ef6-4fcd-a2e7-baf664273c45",
              "parentUUID": "ebff4872-2b15-4fe4-9b17-13f722f38224",
              "isHook": false,
              "skipped": false
            },
            {
              "title": "element: leadProductImage (#DIV__topbanner__187) should be.visible for viewport: [500, 700] ",
              "fullTitle": "Chrome : Task 1 – Cross-Device Elements Test for device: mobile element: leadProductImage (#DIV__topbanner__187) should be.visible for viewport: [500, 700] ",
              "timedOut": null,
              "duration": 1484,
              "state": "passed",
              "speed": "slow",
              "pass": true,
              "fail": false,
              "pending": false,
              "context": null,
              "code": "cy.visit((0, _config.URLS)(version).homePage);\ncy.viewport(width, height);\ncy.get(meta.selector).should(shouldElementBeShown);",
              "err": {},
              "uuid": "f11bb8a3-272c-4254-b03a-95a3adc6296b",
              "parentUUID": "ebff4872-2b15-4fe4-9b17-13f722f38224",
              "isHook": false,
              "skipped": false
            },
            {
              "title": "element: basketCount (#STRONG____50) should not.be.visible for viewport: [500, 700] ",
              "fullTitle": "Chrome : Task 1 – Cross-Device Elements Test for device: mobile element: basketCount (#STRONG____50) should not.be.visible for viewport: [500, 700] ",
              "timedOut": null,
              "duration": 776,
              "state": "passed",
              "speed": "slow",
              "pass": true,
              "fail": false,
              "pending": false,
              "context": null,
              "code": "cy.visit((0, _config.URLS)(version).homePage);\ncy.viewport(width, height);\ncy.get(meta.selector).should(shouldElementBeShown);",
              "err": {},
              "uuid": "27b2b68e-e930-4435-a8bc-be365479c6dc",
              "parentUUID": "ebff4872-2b15-4fe4-9b17-13f722f38224",
              "isHook": false,
              "skipped": false
            }
          ],
          "suites": [],
          "passes": [
            "3e6c6e6c-4529-4787-9cfb-d9218cd99db4",
            "0eafa578-ff54-49dc-9205-e6af4a7bf2aa",
            "4b9e4135-2ef6-4fcd-a2e7-baf664273c45",
            "f11bb8a3-272c-4254-b03a-95a3adc6296b",
            "27b2b68e-e930-4435-a8bc-be365479c6dc"
          ],
          "failures": [],
          "pending": [],
          "skipped": [],
          "duration": 6939,
          "root": false,
          "rootEmpty": false,
          "_timeout": 2000
        },
        {
          "uuid": "d531f90f-2d42-42b6-8fc9-7d83abc32c7e",
          "title": "Chrome : Task 2 – Shopping Experience Test for laptop",
          "fullFile": "",
          "file": "",
          "beforeHooks": [],
          "afterHooks": [],
          "tests": [
            {
              "title": "should filter by black and display two results for viewport: [1200, 700] ",
              "fullTitle": "Chrome : Task 2 – Shopping Experience Test for laptop should filter by black and display two results for viewport: [1200, 700] ",
              "timedOut": null,
              "duration": 2329,
              "state": "passed",
              "speed": "slow",
              "pass": true,
              "fail": false,
              "pending": false,
              "context": null,
              "code": "cy.visit((0, _config.URLS)(version).homePage);\ncy.viewport(width, height);\ncy.get(gridItemSelector).should('have.length', 9);\nfilter[device]();\ncy.get(gridItemSelector).should('have.length', 2);",
              "err": {},
              "uuid": "1f2ab4fd-a542-4ebe-8064-52e6bb942b4d",
              "parentUUID": "d531f90f-2d42-42b6-8fc9-7d83abc32c7e",
              "isHook": false,
              "skipped": false
            }
          ],
          "suites": [],
          "passes": [
            "1f2ab4fd-a542-4ebe-8064-52e6bb942b4d"
          ],
          "failures": [],
          "pending": [],
          "skipped": [],
          "duration": 2329,
          "root": false,
          "rootEmpty": false,
          "_timeout": 2000
        },
        {
          "uuid": "8a9e876b-8c10-4a0a-b447-5dc7b9e08ea9",
          "title": "Chrome : Task 2 – Shopping Experience Test for tablet",
          "fullFile": "",
          "file": "",
          "beforeHooks": [],
          "afterHooks": [],
          "tests": [
            {
              "title": "should filter by black and display two results for viewport: [768, 700] ",
              "fullTitle": "Chrome : Task 2 – Shopping Experience Test for tablet should filter by black and display two results for viewport: [768, 700] ",
              "timedOut": null,
              "duration": 1944,
              "state": "passed",
              "speed": "slow",
              "pass": true,
              "fail": false,
              "pending": false,
              "context": null,
              "code": "cy.visit((0, _config.URLS)(version).homePage);\ncy.viewport(width, height);\ncy.get(gridItemSelector).should('have.length', 9);\nfilter[device]();\ncy.get(gridItemSelector).should('have.length', 2);",
              "err": {},
              "uuid": "15ea1161-f734-4cb3-982a-8a222389797d",
              "parentUUID": "8a9e876b-8c10-4a0a-b447-5dc7b9e08ea9",
              "isHook": false,
              "skipped": false
            }
          ],
          "suites": [],
          "passes": [
            "15ea1161-f734-4cb3-982a-8a222389797d"
          ],
          "failures": [],
          "pending": [],
          "skipped": [],
          "duration": 1944,
          "root": false,
          "rootEmpty": false,
          "_timeout": 2000
        },
        {
          "uuid": "fda7c4e5-77bf-4b25-81c2-4aa7b5f76862",
          "title": "Chrome : Task 2 – Shopping Experience Test for mobile",
          "fullFile": "",
          "file": "",
          "beforeHooks": [],
          "afterHooks": [],
          "tests": [
            {
              "title": "should filter by black and display two results for viewport: [500, 700] ",
              "fullTitle": "Chrome : Task 2 – Shopping Experience Test for mobile should filter by black and display two results for viewport: [500, 700] ",
              "timedOut": null,
              "duration": 2129,
              "state": "passed",
              "speed": "slow",
              "pass": true,
              "fail": false,
              "pending": false,
              "context": null,
              "code": "cy.visit((0, _config.URLS)(version).homePage);\ncy.viewport(width, height);\ncy.get(gridItemSelector).should('have.length', 9);\nfilter[device]();\ncy.get(gridItemSelector).should('have.length', 2);",
              "err": {},
              "uuid": "1f11938a-9b5c-4e6f-9c35-24319b1adea8",
              "parentUUID": "fda7c4e5-77bf-4b25-81c2-4aa7b5f76862",
              "isHook": false,
              "skipped": false
            }
          ],
          "suites": [],
          "passes": [
            "1f11938a-9b5c-4e6f-9c35-24319b1adea8"
          ],
          "failures": [],
          "pending": [],
          "skipped": [],
          "duration": 2129,
          "root": false,
          "rootEmpty": false,
          "_timeout": 2000
        },
        {
          "uuid": "f48e9fcd-8b99-4eb5-815d-ea15a9e1da6e",
          "title": "Chrome : Task 3 –  Product Details Responsive Test for laptop",
          "fullFile": "",
          "file": "",
          "beforeHooks": [],
          "afterHooks": [],
          "tests": [
            {
              "title": "element: mainImage (#shoe_img) should be.visible for viewport: [1200, 700] ",
              "fullTitle": "Chrome : Task 3 –  Product Details Responsive Test for laptop element: mainImage (#shoe_img) should be.visible for viewport: [1200, 700] ",
              "timedOut": null,
              "duration": 1468,
              "state": "passed",
              "speed": "slow",
              "pass": true,
              "fail": false,
              "pending": false,
              "context": null,
              "code": "cy.visit(\"\".concat((0, _config.URLS)(version).productListing, \"?id=1\"));\ncy.viewport(width, height);\ncy.get(meta.selector).should(shouldElementBeShown);",
              "err": {},
              "uuid": "ac80f2a8-7826-461b-8505-4fe3531ea2bb",
              "parentUUID": "f48e9fcd-8b99-4eb5-815d-ea15a9e1da6e",
              "isHook": false,
              "skipped": false
            },
            {
              "title": "element: rating (#SPAN__rating__76) should be.visible for viewport: [1200, 700] ",
              "fullTitle": "Chrome : Task 3 –  Product Details Responsive Test for laptop element: rating (#SPAN__rating__76) should be.visible for viewport: [1200, 700] ",
              "timedOut": null,
              "duration": 889,
              "state": "passed",
              "speed": "slow",
              "pass": true,
              "fail": false,
              "pending": false,
              "context": null,
              "code": "cy.visit(\"\".concat((0, _config.URLS)(version).productListing, \"?id=1\"));\ncy.viewport(width, height);\ncy.get(meta.selector).should(shouldElementBeShown);",
              "err": {},
              "uuid": "4a12d712-2905-4017-8f20-ae60a8968a3c",
              "parentUUID": "f48e9fcd-8b99-4eb5-815d-ea15a9e1da6e",
              "isHook": false,
              "skipped": false
            },
            {
              "title": "element: description (#P____83) should be.visible for viewport: [1200, 700] ",
              "fullTitle": "Chrome : Task 3 –  Product Details Responsive Test for laptop element: description (#P____83) should be.visible for viewport: [1200, 700] ",
              "timedOut": null,
              "duration": 1693,
              "state": "passed",
              "speed": "slow",
              "pass": true,
              "fail": false,
              "pending": false,
              "context": null,
              "code": "cy.visit(\"\".concat((0, _config.URLS)(version).productListing, \"?id=1\"));\ncy.viewport(width, height);\ncy.get(meta.selector).should(shouldElementBeShown);",
              "err": {},
              "uuid": "6c4881f0-610d-49ad-b248-02389c8d3d0d",
              "parentUUID": "f48e9fcd-8b99-4eb5-815d-ea15a9e1da6e",
              "isHook": false,
              "skipped": false
            },
            {
              "title": "element: addToCart (#DIV__btnaddtoca__113) should be.visible for viewport: [1200, 700] ",
              "fullTitle": "Chrome : Task 3 –  Product Details Responsive Test for laptop element: addToCart (#DIV__btnaddtoca__113) should be.visible for viewport: [1200, 700] ",
              "timedOut": null,
              "duration": 1570,
              "state": "passed",
              "speed": "slow",
              "pass": true,
              "fail": false,
              "pending": false,
              "context": null,
              "code": "cy.visit(\"\".concat((0, _config.URLS)(version).productListing, \"?id=1\"));\ncy.viewport(width, height);\ncy.get(meta.selector).should(shouldElementBeShown);",
              "err": {},
              "uuid": "376dc2b7-bfdf-490a-9729-be3373885ced",
              "parentUUID": "f48e9fcd-8b99-4eb5-815d-ea15a9e1da6e",
              "isHook": false,
              "skipped": false
            },
            {
              "title": "element: price (#DIV__pricemain__108) should be.visible for viewport: [1200, 700] ",
              "fullTitle": "Chrome : Task 3 –  Product Details Responsive Test for laptop element: price (#DIV__pricemain__108) should be.visible for viewport: [1200, 700] ",
              "timedOut": null,
              "duration": 1690,
              "state": "passed",
              "speed": "slow",
              "pass": true,
              "fail": false,
              "pending": false,
              "context": null,
              "code": "cy.visit(\"\".concat((0, _config.URLS)(version).productListing, \"?id=1\"));\ncy.viewport(width, height);\ncy.get(meta.selector).should(shouldElementBeShown);",
              "err": {},
              "uuid": "6444a113-7e13-46dd-a80e-b5f740294673",
              "parentUUID": "f48e9fcd-8b99-4eb5-815d-ea15a9e1da6e",
              "isHook": false,
              "skipped": false
            }
          ],
          "suites": [],
          "passes": [
            "ac80f2a8-7826-461b-8505-4fe3531ea2bb",
            "4a12d712-2905-4017-8f20-ae60a8968a3c",
            "6c4881f0-610d-49ad-b248-02389c8d3d0d",
            "376dc2b7-bfdf-490a-9729-be3373885ced",
            "6444a113-7e13-46dd-a80e-b5f740294673"
          ],
          "failures": [],
          "pending": [],
          "skipped": [],
          "duration": 7310,
          "root": false,
          "rootEmpty": false,
          "_timeout": 2000
        },
        {
          "uuid": "85e5b6f0-2a46-4870-9c3f-6e21a0df2858",
          "title": "Chrome : Task 3 –  Product Details Responsive Test for tablet",
          "fullFile": "",
          "file": "",
          "beforeHooks": [],
          "afterHooks": [],
          "tests": [
            {
              "title": "element: mainImage (#shoe_img) should be.visible for viewport: [768, 700] ",
              "fullTitle": "Chrome : Task 3 –  Product Details Responsive Test for tablet element: mainImage (#shoe_img) should be.visible for viewport: [768, 700] ",
              "timedOut": null,
              "duration": 1631,
              "state": "passed",
              "speed": "slow",
              "pass": true,
              "fail": false,
              "pending": false,
              "context": null,
              "code": "cy.visit(\"\".concat((0, _config.URLS)(version).productListing, \"?id=1\"));\ncy.viewport(width, height);\ncy.get(meta.selector).should(shouldElementBeShown);",
              "err": {},
              "uuid": "b98b15df-17a0-47e4-991d-c741bd58c136",
              "parentUUID": "85e5b6f0-2a46-4870-9c3f-6e21a0df2858",
              "isHook": false,
              "skipped": false
            },
            {
              "title": "element: rating (#SPAN__rating__76) should be.visible for viewport: [768, 700] ",
              "fullTitle": "Chrome : Task 3 –  Product Details Responsive Test for tablet element: rating (#SPAN__rating__76) should be.visible for viewport: [768, 700] ",
              "timedOut": null,
              "duration": 1353,
              "state": "passed",
              "speed": "slow",
              "pass": true,
              "fail": false,
              "pending": false,
              "context": null,
              "code": "cy.visit(\"\".concat((0, _config.URLS)(version).productListing, \"?id=1\"));\ncy.viewport(width, height);\ncy.get(meta.selector).should(shouldElementBeShown);",
              "err": {},
              "uuid": "a75c8240-b3f4-4186-bc57-371379f39485",
              "parentUUID": "85e5b6f0-2a46-4870-9c3f-6e21a0df2858",
              "isHook": false,
              "skipped": false
            },
            {
              "title": "element: description (#P____83) should be.visible for viewport: [768, 700] ",
              "fullTitle": "Chrome : Task 3 –  Product Details Responsive Test for tablet element: description (#P____83) should be.visible for viewport: [768, 700] ",
              "timedOut": null,
              "duration": 805,
              "state": "passed",
              "speed": "slow",
              "pass": true,
              "fail": false,
              "pending": false,
              "context": null,
              "code": "cy.visit(\"\".concat((0, _config.URLS)(version).productListing, \"?id=1\"));\ncy.viewport(width, height);\ncy.get(meta.selector).should(shouldElementBeShown);",
              "err": {},
              "uuid": "4c788ad0-7878-4052-a681-e4956236d6c3",
              "parentUUID": "85e5b6f0-2a46-4870-9c3f-6e21a0df2858",
              "isHook": false,
              "skipped": false
            },
            {
              "title": "element: addToCart (#DIV__btnaddtoca__113) should be.visible for viewport: [768, 700] ",
              "fullTitle": "Chrome : Task 3 –  Product Details Responsive Test for tablet element: addToCart (#DIV__btnaddtoca__113) should be.visible for viewport: [768, 700] ",
              "timedOut": null,
              "duration": 1754,
              "state": "passed",
              "speed": "slow",
              "pass": true,
              "fail": false,
              "pending": false,
              "context": null,
              "code": "cy.visit(\"\".concat((0, _config.URLS)(version).productListing, \"?id=1\"));\ncy.viewport(width, height);\ncy.get(meta.selector).should(shouldElementBeShown);",
              "err": {},
              "uuid": "10fdd45c-48ae-4784-8fa4-b485a371d795",
              "parentUUID": "85e5b6f0-2a46-4870-9c3f-6e21a0df2858",
              "isHook": false,
              "skipped": false
            },
            {
              "title": "element: price (#DIV__pricemain__108) should be.visible for viewport: [768, 700] ",
              "fullTitle": "Chrome : Task 3 –  Product Details Responsive Test for tablet element: price (#DIV__pricemain__108) should be.visible for viewport: [768, 700] ",
              "timedOut": null,
              "duration": 918,
              "state": "passed",
              "speed": "slow",
              "pass": true,
              "fail": false,
              "pending": false,
              "context": null,
              "code": "cy.visit(\"\".concat((0, _config.URLS)(version).productListing, \"?id=1\"));\ncy.viewport(width, height);\ncy.get(meta.selector).should(shouldElementBeShown);",
              "err": {},
              "uuid": "ee3f833b-7e06-4d8f-b883-d34a4a9cfafb",
              "parentUUID": "85e5b6f0-2a46-4870-9c3f-6e21a0df2858",
              "isHook": false,
              "skipped": false
            }
          ],
          "suites": [],
          "passes": [
            "b98b15df-17a0-47e4-991d-c741bd58c136",
            "a75c8240-b3f4-4186-bc57-371379f39485",
            "4c788ad0-7878-4052-a681-e4956236d6c3",
            "10fdd45c-48ae-4784-8fa4-b485a371d795",
            "ee3f833b-7e06-4d8f-b883-d34a4a9cfafb"
          ],
          "failures": [],
          "pending": [],
          "skipped": [],
          "duration": 6461,
          "root": false,
          "rootEmpty": false,
          "_timeout": 2000
        },
        {
          "uuid": "7040eab5-c46c-4581-9897-6ccc3373b8a0",
          "title": "Chrome : Task 3 –  Product Details Responsive Test for mobile",
          "fullFile": "",
          "file": "",
          "beforeHooks": [],
          "afterHooks": [],
          "tests": [
            {
              "title": "element: mainImage (#shoe_img) should be.visible for viewport: [500, 700] ",
              "fullTitle": "Chrome : Task 3 –  Product Details Responsive Test for mobile element: mainImage (#shoe_img) should be.visible for viewport: [500, 700] ",
              "timedOut": null,
              "duration": 1461,
              "state": "passed",
              "speed": "slow",
              "pass": true,
              "fail": false,
              "pending": false,
              "context": null,
              "code": "cy.visit(\"\".concat((0, _config.URLS)(version).productListing, \"?id=1\"));\ncy.viewport(width, height);\ncy.get(meta.selector).should(shouldElementBeShown);",
              "err": {},
              "uuid": "bc4b65c4-a469-49f4-9bd8-46fdda9f2633",
              "parentUUID": "7040eab5-c46c-4581-9897-6ccc3373b8a0",
              "isHook": false,
              "skipped": false
            },
            {
              "title": "element: rating (#SPAN__rating__76) should be.visible for viewport: [500, 700] ",
              "fullTitle": "Chrome : Task 3 –  Product Details Responsive Test for mobile element: rating (#SPAN__rating__76) should be.visible for viewport: [500, 700] ",
              "timedOut": null,
              "duration": 958,
              "state": "passed",
              "speed": "slow",
              "pass": true,
              "fail": false,
              "pending": false,
              "context": null,
              "code": "cy.visit(\"\".concat((0, _config.URLS)(version).productListing, \"?id=1\"));\ncy.viewport(width, height);\ncy.get(meta.selector).should(shouldElementBeShown);",
              "err": {},
              "uuid": "bf693d20-9c81-4cc9-b3a4-18e3011dcce9",
              "parentUUID": "7040eab5-c46c-4581-9897-6ccc3373b8a0",
              "isHook": false,
              "skipped": false
            },
            {
              "title": "element: description (#P____83) should be.visible for viewport: [500, 700] ",
              "fullTitle": "Chrome : Task 3 –  Product Details Responsive Test for mobile element: description (#P____83) should be.visible for viewport: [500, 700] ",
              "timedOut": null,
              "duration": 1537,
              "state": "passed",
              "speed": "slow",
              "pass": true,
              "fail": false,
              "pending": false,
              "context": null,
              "code": "cy.visit(\"\".concat((0, _config.URLS)(version).productListing, \"?id=1\"));\ncy.viewport(width, height);\ncy.get(meta.selector).should(shouldElementBeShown);",
              "err": {},
              "uuid": "08c1290c-e1cd-45b2-a22c-9b133ddd5057",
              "parentUUID": "7040eab5-c46c-4581-9897-6ccc3373b8a0",
              "isHook": false,
              "skipped": false
            },
            {
              "title": "element: addToCart (#DIV__btnaddtoca__113) should be.visible for viewport: [500, 700] ",
              "fullTitle": "Chrome : Task 3 –  Product Details Responsive Test for mobile element: addToCart (#DIV__btnaddtoca__113) should be.visible for viewport: [500, 700] ",
              "timedOut": null,
              "duration": 936,
              "state": "passed",
              "speed": "slow",
              "pass": true,
              "fail": false,
              "pending": false,
              "context": null,
              "code": "cy.visit(\"\".concat((0, _config.URLS)(version).productListing, \"?id=1\"));\ncy.viewport(width, height);\ncy.get(meta.selector).should(shouldElementBeShown);",
              "err": {},
              "uuid": "5829677d-4b9a-4fd6-a0c9-c690c776be09",
              "parentUUID": "7040eab5-c46c-4581-9897-6ccc3373b8a0",
              "isHook": false,
              "skipped": false
            },
            {
              "title": "element: price (#DIV__pricemain__108) should be.visible for viewport: [500, 700] ",
              "fullTitle": "Chrome : Task 3 –  Product Details Responsive Test for mobile element: price (#DIV__pricemain__108) should be.visible for viewport: [500, 700] ",
              "timedOut": null,
              "duration": 1882,
              "state": "passed",
              "speed": "slow",
              "pass": true,
              "fail": false,
              "pending": false,
              "context": null,
              "code": "cy.visit(\"\".concat((0, _config.URLS)(version).productListing, \"?id=1\"));\ncy.viewport(width, height);\ncy.get(meta.selector).should(shouldElementBeShown);",
              "err": {},
              "uuid": "686d0e4e-7fae-43f9-81d6-3ae52a3e6ce1",
              "parentUUID": "7040eab5-c46c-4581-9897-6ccc3373b8a0",
              "isHook": false,
              "skipped": false
            }
          ],
          "suites": [],
          "passes": [
            "bc4b65c4-a469-49f4-9bd8-46fdda9f2633",
            "bf693d20-9c81-4cc9-b3a4-18e3011dcce9",
            "08c1290c-e1cd-45b2-a22c-9b133ddd5057",
            "5829677d-4b9a-4fd6-a0c9-c690c776be09",
            "686d0e4e-7fae-43f9-81d6-3ae52a3e6ce1"
          ],
          "failures": [],
          "pending": [],
          "skipped": [],
          "duration": 6774,
          "root": false,
          "rootEmpty": false,
          "_timeout": 2000
        }
      ],
      "passes": [],
      "failures": [],
      "pending": [],
      "skipped": [],
      "duration": 0,
      "root": true,
      "rootEmpty": true,
      "_timeout": 2000
    }
  ],
  "meta": {
    "mocha": {
      "version": "7.1.2"
    },
    "mochawesome": {
      "options": {
        "quiet": false,
        "reportFilename": "mochawesome",
        "saveHtml": false,
        "saveJson": true,
        "consoleReporter": "spec",
        "useInlineDiffs": false,
        "code": true
      },
      "version": "6.1.1"
    },
    "marge": {
      "options": {
        "overwrite": false,
        "html": false,
        "json": true
      },
      "version": "5.1.0"
    }
  }
}